The target system is: Linux -  - aarch64
The host system is: Linux - 5.15.0-73-generic - x86_64
Compiling the C compiler identification source file "CMakeCCompilerId.c" succeeded.
Compiler: /opt/poky/3.1.17/sysroots/x86_64-pokysdk-linux/usr/bin/aarch64-poky-linux/aarch64-poky-linux-gcc 
Build flags: 
Id flags: -c 

The output was:
0


Compilation of the C compiler identification source "CMakeCCompilerId.c" produced "CMakeCCompilerId.o"

The C compiler identification is GNU, found in "/drp-ai_tvm/data/src_tess/build/CMakeFiles/3.16.3/CompilerIdC/CMakeCCompilerId.o"

Compiling the CXX compiler identification source file "CMakeCXXCompilerId.cpp" succeeded.
Compiler: /opt/poky/3.1.17/sysroots/x86_64-pokysdk-linux/usr/bin/aarch64-poky-linux/aarch64-poky-linux-g++ 
Build flags: 
Id flags: -c 

The output was:
0


Compilation of the CXX compiler identification source "CMakeCXXCompilerId.cpp" produced "CMakeCXXCompilerId.o"

The CXX compiler identification is GNU, found in "/drp-ai_tvm/data/src_tess/build/CMakeFiles/3.16.3/CompilerIdCXX/CMakeCXXCompilerId.o"

Determining if the C compiler works passed with the following output:
Change Dir: /drp-ai_tvm/data/src_tess/build/CMakeFiles/CMakeTmp

Run Build Command(s):/usr/bin/make cmTC_02cb6/fast && /usr/bin/make -f CMakeFiles/cmTC_02cb6.dir/build.make CMakeFiles/cmTC_02cb6.dir/build
make[1]: Entering directory '/drp-ai_tvm/data/src_tess/build/CMakeFiles/CMakeTmp'
Building C object CMakeFiles/cmTC_02cb6.dir/testCCompiler.c.o
/opt/poky/3.1.17/sysroots/x86_64-pokysdk-linux/usr/bin/aarch64-poky-linux/aarch64-poky-linux-gcc --sysroot=/opt/poky/3.1.17/sysroots/aarch64-poky-linux    -o CMakeFiles/cmTC_02cb6.dir/testCCompiler.c.o   -c /drp-ai_tvm/data/src_tess/build/CMakeFiles/CMakeTmp/testCCompiler.c
Linking C executable cmTC_02cb6
/usr/bin/cmake -E cmake_link_script CMakeFiles/cmTC_02cb6.dir/link.txt --verbose=1
/opt/poky/3.1.17/sysroots/x86_64-pokysdk-linux/usr/bin/aarch64-poky-linux/aarch64-poky-linux-gcc --sysroot=/opt/poky/3.1.17/sysroots/aarch64-poky-linux      CMakeFiles/cmTC_02cb6.dir/testCCompiler.c.o  -o cmTC_02cb6 
make[1]: Leaving directory '/drp-ai_tvm/data/src_tess/build/CMakeFiles/CMakeTmp'



Detecting C compiler ABI info compiled with the following output:
Change Dir: /drp-ai_tvm/data/src_tess/build/CMakeFiles/CMakeTmp

Run Build Command(s):/usr/bin/make cmTC_25f9d/fast && /usr/bin/make -f CMakeFiles/cmTC_25f9d.dir/build.make CMakeFiles/cmTC_25f9d.dir/build
make[1]: Entering directory '/drp-ai_tvm/data/src_tess/build/CMakeFiles/CMakeTmp'
Building C object CMakeFiles/cmTC_25f9d.dir/CMakeCCompilerABI.c.o
/opt/poky/3.1.17/sysroots/x86_64-pokysdk-linux/usr/bin/aarch64-poky-linux/aarch64-poky-linux-gcc --sysroot=/opt/poky/3.1.17/sysroots/aarch64-poky-linux   -v -o CMakeFiles/cmTC_25f9d.dir/CMakeCCompilerABI.c.o   -c /usr/share/cmake-3.16/Modules/CMakeCCompilerABI.c
Using built-in specs.
COLLECT_GCC=/opt/poky/3.1.17/sysroots/x86_64-pokysdk-linux/usr/bin/aarch64-poky-linux/aarch64-poky-linux-gcc
Target: aarch64-poky-linux
Configured with: ../../../../../../work-shared/gcc-8.3.0-r0/gcc-8-8.3.0/src/configure --build=x86_64-linux --host=x86_64-pokysdk-linux --target=aarch64-poky-linux --prefix=/usr/local/oe-sdk-hardcoded-buildpath/sysroots/x86_64-pokysdk-linux/usr --exec_prefix=/usr/local/oe-sdk-hardcoded-buildpath/sysroots/x86_64-pokysdk-linux/usr --bindir=/usr/local/oe-sdk-hardcoded-buildpath/sysroots/x86_64-pokysdk-linux/usr/bin/aarch64-poky-linux --sbindir=/usr/local/oe-sdk-hardcoded-buildpath/sysroots/x86_64-pokysdk-linux/usr/bin/aarch64-poky-linux --libexecdir=/usr/local/oe-sdk-hardcoded-buildpath/sysroots/x86_64-pokysdk-linux/usr/libexec/aarch64-poky-linux --datadir=/usr/local/oe-sdk-hardcoded-buildpath/sysroots/x86_64-pokysdk-linux/usr/share --sysconfdir=/usr/local/oe-sdk-hardcoded-buildpath/sysroots/x86_64-pokysdk-linux/etc --sharedstatedir=/usr/local/oe-sdk-hardcoded-buildpath/sysroots/x86_64-pokysdk-linux/com --localstatedir=/usr/local/oe-sdk-hardcoded-buildpath/sysroots/x86_64-pokysdk-linux/var --libdir=/usr/local/oe-sdk-hardcoded-buildpath/sysroots/x86_64-pokysdk-linux/usr/lib/aarch64-poky-linux --includedir=/usr/local/oe-sdk-hardcoded-buildpath/sysroots/x86_64-pokysdk-linux/usr/include --oldincludedir=/usr/local/oe-sdk-hardcoded-buildpath/sysroots/x86_64-pokysdk-linux/usr/include --infodir=/usr/local/oe-sdk-hardcoded-buildpath/sysroots/x86_64-pokysdk-linux/usr/share/info --mandir=/usr/local/oe-sdk-hardcoded-buildpath/sysroots/x86_64-pokysdk-linux/usr/share/man --disable-silent-rules --disable-dependency-tracking --with-libtool-sysroot=/home/samba/kurata/V2L/work_20230314_v7.30_aisdk/rzv_vlp_v3.0.2/build/tmp/work/x86_64-nativesdk-pokysdk-linux/gcc-cross-canadian-aarch64/8.3.0-r0/recipe-sysroot --with-gnu-ld --enable-shared --enable-languages=c,c++ --enable-threads=posix --enable-multilib --enable-default-pie --enable-c99 --enable-long-long --enable-symvers=gnu --enable-libstdcxx-pch --program-prefix=aarch64-poky-linux- --without-local-prefix --disable-install-libiberty --enable-lto --disable-libssp --enable-libitm --disable-bootstrap --disable-libmudflap --with-system-zlib --with-linker-hash-style=gnu --enable-linker-build-id --with-ppl=no --with-cloog=no --enable-checking=release --enable-cheaders=c_global --without-isl --with-gxx-include-dir=/not/exist/usr/include/c++/8.3.0 --with-build-time-tools=/home/samba/kurata/V2L/work_20230314_v7.30_aisdk/rzv_vlp_v3.0.2/build/tmp/work/x86_64-nativesdk-pokysdk-linux/gcc-cross-canadian-aarch64/8.3.0-r0/recipe-sysroot-native/usr/aarch64-poky-linux/bin --with-sysroot=/not/exist --with-build-sysroot=/home/samba/kurata/V2L/work_20230314_v7.30_aisdk/rzv_vlp_v3.0.2/build/tmp/work/x86_64-nativesdk-pokysdk-linux/gcc-cross-canadian-aarch64/8.3.0-r0/recipe-sysroot --enable-poison-system-directories --disable-static --enable-nls --with-glibc-version=2.28 --enable-initfini-array --enable-__cxa_atexit
Thread model: posix
gcc version 8.3.0 (GCC) 
COLLECT_GCC_OPTIONS='--sysroot=/opt/poky/3.1.17/sysroots/aarch64-poky-linux' '-v' '-o' 'CMakeFiles/cmTC_25f9d.dir/CMakeCCompilerABI.c.o' '-c' '-mlittle-endian' '-mabi=lp64'
 /opt/poky/3.1.17/sysroots/x86_64-pokysdk-linux/usr/libexec/aarch64-poky-linux/gcc/aarch64-poky-linux/8.3.0/cc1 -quiet -v -isysroot /opt/poky/3.1.17/sysroots/aarch64-poky-linux /usr/share/cmake-3.16/Modules/CMakeCCompilerABI.c -quiet -dumpbase CMakeCCompilerABI.c -mlittle-endian -mabi=lp64 -auxbase-strip CMakeFiles/cmTC_25f9d.dir/CMakeCCompilerABI.c.o -version -o /tmp/cc4gQglw.s
GNU C17 (GCC) version 8.3.0 (aarch64-poky-linux)
	compiled by GNU C version 8.3.0, GMP version 6.2.0, MPFR version 4.0.2, MPC version 1.1.0, isl version none
GGC heuristics: --param ggc-min-expand=100 --param ggc-min-heapsize=131072
ignoring nonexistent directory "/opt/poky/3.1.17/sysroots/aarch64-poky-linux/usr/lib64/gcc/aarch64-poky-linux/8.3.0/include"
ignoring nonexistent directory "/opt/poky/3.1.17/sysroots/x86_64-pokysdk-linux/usr/lib/aarch64-poky-linux/gcc/aarch64-poky-linux/8.3.0/../../../../../aarch64-poky-linux/include"
#include "..." search starts here:
#include <...> search starts here:
 /opt/poky/3.1.17/sysroots/x86_64-pokysdk-linux/usr/lib/aarch64-poky-linux/gcc/aarch64-poky-linux/8.3.0/include
 /opt/poky/3.1.17/sysroots/aarch64-poky-linux/usr/local/include
 /opt/poky/3.1.17/sysroots/x86_64-pokysdk-linux/usr/lib/aarch64-poky-linux/gcc/aarch64-poky-linux/8.3.0/include-fixed
 /opt/poky/3.1.17/sysroots/aarch64-poky-linux/usr/include/
End of search list.
GNU C17 (GCC) version 8.3.0 (aarch64-poky-linux)
	compiled by GNU C version 8.3.0, GMP version 6.2.0, MPFR version 4.0.2, MPC version 1.1.0, isl version none
GGC heuristics: --param ggc-min-expand=100 --param ggc-min-heapsize=131072
Compiler executable checksum: e55255b6e1a6f715c4015d3a6b5c6a6e
COLLECT_GCC_OPTIONS='--sysroot=/opt/poky/3.1.17/sysroots/aarch64-poky-linux' '-v' '-o' 'CMakeFiles/cmTC_25f9d.dir/CMakeCCompilerABI.c.o' '-c' '-mlittle-endian' '-mabi=lp64'
 /opt/poky/3.1.17/sysroots/x86_64-pokysdk-linux/usr/libexec/aarch64-poky-linux/gcc/aarch64-poky-linux/8.3.0/as -v -EL -mabi=lp64 -o CMakeFiles/cmTC_25f9d.dir/CMakeCCompilerABI.c.o /tmp/cc4gQglw.s
GNU assembler version 2.31.1 (aarch64-poky-linux) using BFD version (GNU Binutils) 2.31.1
COMPILER_PATH=/opt/poky/3.1.17/sysroots/x86_64-pokysdk-linux/usr/libexec/aarch64-poky-linux/gcc/aarch64-poky-linux/8.3.0/:/opt/poky/3.1.17/sysroots/x86_64-pokysdk-linux/usr/libexec/aarch64-poky-linux/gcc/aarch64-poky-linux/8.3.0/:/opt/poky/3.1.17/sysroots/x86_64-pokysdk-linux/usr/libexec/aarch64-poky-linux/gcc/aarch64-poky-linux/:/opt/poky/3.1.17/sysroots/x86_64-pokysdk-linux/usr/lib/aarch64-poky-linux/gcc/aarch64-poky-linux/8.3.0/:/opt/poky/3.1.17/sysroots/x86_64-pokysdk-linux/usr/lib/aarch64-poky-linux/gcc/aarch64-poky-linux/
LIBRARY_PATH=/opt/poky/3.1.17/sysroots/x86_64-pokysdk-linux/usr/lib/aarch64-poky-linux/gcc/aarch64-poky-linux/8.3.0/:/opt/poky/3.1.17/sysroots/aarch64-poky-linux/lib64/:/opt/poky/3.1.17/sysroots/aarch64-poky-linux/usr/lib64/aarch64-poky-linux/8.3.0/:/opt/poky/3.1.17/sysroots/aarch64-poky-linux/usr/lib64/
COLLECT_GCC_OPTIONS='--sysroot=/opt/poky/3.1.17/sysroots/aarch64-poky-linux' '-v' '-o' 'CMakeFiles/cmTC_25f9d.dir/CMakeCCompilerABI.c.o' '-c' '-mlittle-endian' '-mabi=lp64'
Linking C executable cmTC_25f9d
/usr/bin/cmake -E cmake_link_script CMakeFiles/cmTC_25f9d.dir/link.txt --verbose=1
/opt/poky/3.1.17/sysroots/x86_64-pokysdk-linux/usr/bin/aarch64-poky-linux/aarch64-poky-linux-gcc --sysroot=/opt/poky/3.1.17/sysroots/aarch64-poky-linux     -v CMakeFiles/cmTC_25f9d.dir/CMakeCCompilerABI.c.o  -o cmTC_25f9d 
Using built-in specs.
COLLECT_GCC=/opt/poky/3.1.17/sysroots/x86_64-pokysdk-linux/usr/bin/aarch64-poky-linux/aarch64-poky-linux-gcc
COLLECT_LTO_WRAPPER=/opt/poky/3.1.17/sysroots/x86_64-pokysdk-linux/usr/libexec/aarch64-poky-linux/gcc/aarch64-poky-linux/8.3.0/lto-wrapper
Target: aarch64-poky-linux
Configured with: ../../../../../../work-shared/gcc-8.3.0-r0/gcc-8-8.3.0/src/configure --build=x86_64-linux --host=x86_64-pokysdk-linux --target=aarch64-poky-linux --prefix=/usr/local/oe-sdk-hardcoded-buildpath/sysroots/x86_64-pokysdk-linux/usr --exec_prefix=/usr/local/oe-sdk-hardcoded-buildpath/sysroots/x86_64-pokysdk-linux/usr --bindir=/usr/local/oe-sdk-hardcoded-buildpath/sysroots/x86_64-pokysdk-linux/usr/bin/aarch64-poky-linux --sbindir=/usr/local/oe-sdk-hardcoded-buildpath/sysroots/x86_64-pokysdk-linux/usr/bin/aarch64-poky-linux --libexecdir=/usr/local/oe-sdk-hardcoded-buildpath/sysroots/x86_64-pokysdk-linux/usr/libexec/aarch64-poky-linux --datadir=/usr/local/oe-sdk-hardcoded-buildpath/sysroots/x86_64-pokysdk-linux/usr/share --sysconfdir=/usr/local/oe-sdk-hardcoded-buildpath/sysroots/x86_64-pokysdk-linux/etc --sharedstatedir=/usr/local/oe-sdk-hardcoded-buildpath/sysroots/x86_64-pokysdk-linux/com --localstatedir=/usr/local/oe-sdk-hardcoded-buildpath/sysroots/x86_64-pokysdk-linux/var --libdir=/usr/local/oe-sdk-hardcoded-buildpath/sysroots/x86_64-pokysdk-linux/usr/lib/aarch64-poky-linux --includedir=/usr/local/oe-sdk-hardcoded-buildpath/sysroots/x86_64-pokysdk-linux/usr/include --oldincludedir=/usr/local/oe-sdk-hardcoded-buildpath/sysroots/x86_64-pokysdk-linux/usr/include --infodir=/usr/local/oe-sdk-hardcoded-buildpath/sysroots/x86_64-pokysdk-linux/usr/share/info --mandir=/usr/local/oe-sdk-hardcoded-buildpath/sysroots/x86_64-pokysdk-linux/usr/share/man --disable-silent-rules --disable-dependency-tracking --with-libtool-sysroot=/home/samba/kurata/V2L/work_20230314_v7.30_aisdk/rzv_vlp_v3.0.2/build/tmp/work/x86_64-nativesdk-pokysdk-linux/gcc-cross-canadian-aarch64/8.3.0-r0/recipe-sysroot --with-gnu-ld --enable-shared --enable-languages=c,c++ --enable-threads=posix --enable-multilib --enable-default-pie --enable-c99 --enable-long-long --enable-symvers=gnu --enable-libstdcxx-pch --program-prefix=aarch64-poky-linux- --without-local-prefix --disable-install-libiberty --enable-lto --disable-libssp --enable-libitm --disable-bootstrap --disable-libmudflap --with-system-zlib --with-linker-hash-style=gnu --enable-linker-build-id --with-ppl=no --with-cloog=no --enable-checking=release --enable-cheaders=c_global --without-isl --with-gxx-include-dir=/not/exist/usr/include/c++/8.3.0 --with-build-time-tools=/home/samba/kurata/V2L/work_20230314_v7.30_aisdk/rzv_vlp_v3.0.2/build/tmp/work/x86_64-nativesdk-pokysdk-linux/gcc-cross-canadian-aarch64/8.3.0-r0/recipe-sysroot-native/usr/aarch64-poky-linux/bin --with-sysroot=/not/exist --with-build-sysroot=/home/samba/kurata/V2L/work_20230314_v7.30_aisdk/rzv_vlp_v3.0.2/build/tmp/work/x86_64-nativesdk-pokysdk-linux/gcc-cross-canadian-aarch64/8.3.0-r0/recipe-sysroot --enable-poison-system-directories --disable-static --enable-nls --with-glibc-version=2.28 --enable-initfini-array --enable-__cxa_atexit
Thread model: posix
gcc version 8.3.0 (GCC) 
COMPILER_PATH=/opt/poky/3.1.17/sysroots/x86_64-pokysdk-linux/usr/libexec/aarch64-poky-linux/gcc/aarch64-poky-linux/8.3.0/:/opt/poky/3.1.17/sysroots/x86_64-pokysdk-linux/usr/libexec/aarch64-poky-linux/gcc/aarch64-poky-linux/8.3.0/:/opt/poky/3.1.17/sysroots/x86_64-pokysdk-linux/usr/libexec/aarch64-poky-linux/gcc/aarch64-poky-linux/:/opt/poky/3.1.17/sysroots/x86_64-pokysdk-linux/usr/lib/aarch64-poky-linux/gcc/aarch64-poky-linux/8.3.0/:/opt/poky/3.1.17/sysroots/x86_64-pokysdk-linux/usr/lib/aarch64-poky-linux/gcc/aarch64-poky-linux/
LIBRARY_PATH=/opt/poky/3.1.17/sysroots/x86_64-pokysdk-linux/usr/lib/aarch64-poky-linux/gcc/aarch64-poky-linux/8.3.0/:/opt/poky/3.1.17/sysroots/aarch64-poky-linux/lib64/:/opt/poky/3.1.17/sysroots/aarch64-poky-linux/usr/lib64/aarch64-poky-linux/8.3.0/:/opt/poky/3.1.17/sysroots/aarch64-poky-linux/usr/lib64/
COLLECT_GCC_OPTIONS='--sysroot=/opt/poky/3.1.17/sysroots/aarch64-poky-linux' '-v' '-o' 'cmTC_25f9d' '-mlittle-endian' '-mabi=lp64'
 /opt/poky/3.1.17/sysroots/x86_64-pokysdk-linux/usr/libexec/aarch64-poky-linux/gcc/aarch64-poky-linux/8.3.0/collect2 -plugin /opt/poky/3.1.17/sysroots/x86_64-pokysdk-linux/usr/libexec/aarch64-poky-linux/gcc/aarch64-poky-linux/8.3.0/liblto_plugin.so -plugin-opt=/opt/poky/3.1.17/sysroots/x86_64-pokysdk-linux/usr/libexec/aarch64-poky-linux/gcc/aarch64-poky-linux/8.3.0/lto-wrapper -plugin-opt=-fresolution=/tmp/ccWCGUay.res -plugin-opt=-pass-through=-lgcc -plugin-opt=-pass-through=-lgcc_s -plugin-opt=-pass-through=-lc -plugin-opt=-pass-through=-lgcc -plugin-opt=-pass-through=-lgcc_s --sysroot=/opt/poky/3.1.17/sysroots/aarch64-poky-linux --build-id --eh-frame-hdr --hash-style=gnu --hash-style=gnu -dynamic-linker /lib64/ld-linux-aarch64.so.1 -X -EL -maarch64linux -pie -o cmTC_25f9d /opt/poky/3.1.17/sysroots/aarch64-poky-linux/usr/lib64/Scrt1.o /opt/poky/3.1.17/sysroots/aarch64-poky-linux/usr/lib64/crti.o /opt/poky/3.1.17/sysroots/aarch64-poky-linux/usr/lib64/aarch64-poky-linux/8.3.0/crtbeginS.o -L/opt/poky/3.1.17/sysroots/x86_64-pokysdk-linux/usr/lib/aarch64-poky-linux/gcc/aarch64-poky-linux/8.3.0 -L/opt/poky/3.1.17/sysroots/aarch64-poky-linux/lib64 -L/opt/poky/3.1.17/sysroots/aarch64-poky-linux/usr/lib64/aarch64-poky-linux/8.3.0 -L/opt/poky/3.1.17/sysroots/aarch64-poky-linux/usr/lib64 CMakeFiles/cmTC_25f9d.dir/CMakeCCompilerABI.c.o -lgcc --as-needed -lgcc_s --no-as-needed -lc -lgcc --as-needed -lgcc_s --no-as-needed /opt/poky/3.1.17/sysroots/aarch64-poky-linux/usr/lib64/aarch64-poky-linux/8.3.0/crtendS.o /opt/poky/3.1.17/sysroots/aarch64-poky-linux/usr/lib64/crtn.o
COLLECT_GCC_OPTIONS='--sysroot=/opt/poky/3.1.17/sysroots/aarch64-poky-linux' '-v' '-o' 'cmTC_25f9d' '-mlittle-endian' '-mabi=lp64'
make[1]: Leaving directory '/drp-ai_tvm/data/src_tess/build/CMakeFiles/CMakeTmp'



Parsed C implicit include dir info from above output: rv=done
  found start of include info
  found start of implicit include info
    add: [/opt/poky/3.1.17/sysroots/x86_64-pokysdk-linux/usr/lib/aarch64-poky-linux/gcc/aarch64-poky-linux/8.3.0/include]
    add: [/opt/poky/3.1.17/sysroots/aarch64-poky-linux/usr/local/include]
    add: [/opt/poky/3.1.17/sysroots/x86_64-pokysdk-linux/usr/lib/aarch64-poky-linux/gcc/aarch64-poky-linux/8.3.0/include-fixed]
    add: [/opt/poky/3.1.17/sysroots/aarch64-poky-linux/usr/include/]
  end of search list found
  collapse include dir [/opt/poky/3.1.17/sysroots/x86_64-pokysdk-linux/usr/lib/aarch64-poky-linux/gcc/aarch64-poky-linux/8.3.0/include] ==> [/opt/poky/3.1.17/sysroots/x86_64-pokysdk-linux/usr/lib/aarch64-poky-linux/gcc/aarch64-poky-linux/8.3.0/include]
  collapse include dir [/opt/poky/3.1.17/sysroots/aarch64-poky-linux/usr/local/include] ==> [/opt/poky/3.1.17/sysroots/aarch64-poky-linux/usr/local/include]
  collapse include dir [/opt/poky/3.1.17/sysroots/x86_64-pokysdk-linux/usr/lib/aarch64-poky-linux/gcc/aarch64-poky-linux/8.3.0/include-fixed] ==> [/opt/poky/3.1.17/sysroots/x86_64-pokysdk-linux/usr/lib/aarch64-poky-linux/gcc/aarch64-poky-linux/8.3.0/include-fixed]
  collapse include dir [/opt/poky/3.1.17/sysroots/aarch64-poky-linux/usr/include/] ==> [/opt/poky/3.1.17/sysroots/aarch64-poky-linux/usr/include]
  implicit include dirs: [/opt/poky/3.1.17/sysroots/x86_64-pokysdk-linux/usr/lib/aarch64-poky-linux/gcc/aarch64-poky-linux/8.3.0/include;/opt/poky/3.1.17/sysroots/aarch64-poky-linux/usr/local/include;/opt/poky/3.1.17/sysroots/x86_64-pokysdk-linux/usr/lib/aarch64-poky-linux/gcc/aarch64-poky-linux/8.3.0/include-fixed;/opt/poky/3.1.17/sysroots/aarch64-poky-linux/usr/include]


Parsed C implicit link information from above output:
  link line regex: [^( *|.*[/\])(aarch64-poky-linux-ld|CMAKE_LINK_STARTFILE-NOTFOUND|([^/\]+-)?ld|collect2)[^/\]*( |$)]
  ignore line: [Change Dir: /drp-ai_tvm/data/src_tess/build/CMakeFiles/CMakeTmp]
  ignore line: []
  ignore line: [Run Build Command(s):/usr/bin/make cmTC_25f9d/fast && /usr/bin/make -f CMakeFiles/cmTC_25f9d.dir/build.make CMakeFiles/cmTC_25f9d.dir/build]
  ignore line: [make[1]: Entering directory '/drp-ai_tvm/data/src_tess/build/CMakeFiles/CMakeTmp']
  ignore line: [Building C object CMakeFiles/cmTC_25f9d.dir/CMakeCCompilerABI.c.o]
  ignore line: [/opt/poky/3.1.17/sysroots/x86_64-pokysdk-linux/usr/bin/aarch64-poky-linux/aarch64-poky-linux-gcc --sysroot=/opt/poky/3.1.17/sysroots/aarch64-poky-linux   -v -o CMakeFiles/cmTC_25f9d.dir/CMakeCCompilerABI.c.o   -c /usr/share/cmake-3.16/Modules/CMakeCCompilerABI.c]
  ignore line: [Using built-in specs.]
  ignore line: [COLLECT_GCC=/opt/poky/3.1.17/sysroots/x86_64-pokysdk-linux/usr/bin/aarch64-poky-linux/aarch64-poky-linux-gcc]
  ignore line: [Target: aarch64-poky-linux]
  ignore line: [Configured with: ../../../../../../work-shared/gcc-8.3.0-r0/gcc-8-8.3.0/src/configure --build=x86_64-linux --host=x86_64-pokysdk-linux --target=aarch64-poky-linux --prefix=/usr/local/oe-sdk-hardcoded-buildpath/sysroots/x86_64-pokysdk-linux/usr --exec_prefix=/usr/local/oe-sdk-hardcoded-buildpath/sysroots/x86_64-pokysdk-linux/usr --bindir=/usr/local/oe-sdk-hardcoded-buildpath/sysroots/x86_64-pokysdk-linux/usr/bin/aarch64-poky-linux --sbindir=/usr/local/oe-sdk-hardcoded-buildpath/sysroots/x86_64-pokysdk-linux/usr/bin/aarch64-poky-linux --libexecdir=/usr/local/oe-sdk-hardcoded-buildpath/sysroots/x86_64-pokysdk-linux/usr/libexec/aarch64-poky-linux --datadir=/usr/local/oe-sdk-hardcoded-buildpath/sysroots/x86_64-pokysdk-linux/usr/share --sysconfdir=/usr/local/oe-sdk-hardcoded-buildpath/sysroots/x86_64-pokysdk-linux/etc --sharedstatedir=/usr/local/oe-sdk-hardcoded-buildpath/sysroots/x86_64-pokysdk-linux/com --localstatedir=/usr/local/oe-sdk-hardcoded-buildpath/sysroots/x86_64-pokysdk-linux/var --libdir=/usr/local/oe-sdk-hardcoded-buildpath/sysroots/x86_64-pokysdk-linux/usr/lib/aarch64-poky-linux --includedir=/usr/local/oe-sdk-hardcoded-buildpath/sysroots/x86_64-pokysdk-linux/usr/include --oldincludedir=/usr/local/oe-sdk-hardcoded-buildpath/sysroots/x86_64-pokysdk-linux/usr/include --infodir=/usr/local/oe-sdk-hardcoded-buildpath/sysroots/x86_64-pokysdk-linux/usr/share/info --mandir=/usr/local/oe-sdk-hardcoded-buildpath/sysroots/x86_64-pokysdk-linux/usr/share/man --disable-silent-rules --disable-dependency-tracking --with-libtool-sysroot=/home/samba/kurata/V2L/work_20230314_v7.30_aisdk/rzv_vlp_v3.0.2/build/tmp/work/x86_64-nativesdk-pokysdk-linux/gcc-cross-canadian-aarch64/8.3.0-r0/recipe-sysroot --with-gnu-ld --enable-shared --enable-languages=c,c++ --enable-threads=posix --enable-multilib --enable-default-pie --enable-c99 --enable-long-long --enable-symvers=gnu --enable-libstdcxx-pch --program-prefix=aarch64-poky-linux- --without-local-prefix --disable-install-libiberty --enable-lto --disable-libssp --enable-libitm --disable-bootstrap --disable-libmudflap --with-system-zlib --with-linker-hash-style=gnu --enable-linker-build-id --with-ppl=no --with-cloog=no --enable-checking=release --enable-cheaders=c_global --without-isl --with-gxx-include-dir=/not/exist/usr/include/c++/8.3.0 --with-build-time-tools=/home/samba/kurata/V2L/work_20230314_v7.30_aisdk/rzv_vlp_v3.0.2/build/tmp/work/x86_64-nativesdk-pokysdk-linux/gcc-cross-canadian-aarch64/8.3.0-r0/recipe-sysroot-native/usr/aarch64-poky-linux/bin --with-sysroot=/not/exist --with-build-sysroot=/home/samba/kurata/V2L/work_20230314_v7.30_aisdk/rzv_vlp_v3.0.2/build/tmp/work/x86_64-nativesdk-pokysdk-linux/gcc-cross-canadian-aarch64/8.3.0-r0/recipe-sysroot --enable-poison-system-directories --disable-static --enable-nls --with-glibc-version=2.28 --enable-initfini-array --enable-__cxa_atexit]
  ignore line: [Thread model: posix]
  ignore line: [gcc version 8.3.0 (GCC) ]
  ignore line: [COLLECT_GCC_OPTIONS='--sysroot=/opt/poky/3.1.17/sysroots/aarch64-poky-linux' '-v' '-o' 'CMakeFiles/cmTC_25f9d.dir/CMakeCCompilerABI.c.o' '-c' '-mlittle-endian' '-mabi=lp64']
  ignore line: [ /opt/poky/3.1.17/sysroots/x86_64-pokysdk-linux/usr/libexec/aarch64-poky-linux/gcc/aarch64-poky-linux/8.3.0/cc1 -quiet -v -isysroot /opt/poky/3.1.17/sysroots/aarch64-poky-linux /usr/share/cmake-3.16/Modules/CMakeCCompilerABI.c -quiet -dumpbase CMakeCCompilerABI.c -mlittle-endian -mabi=lp64 -auxbase-strip CMakeFiles/cmTC_25f9d.dir/CMakeCCompilerABI.c.o -version -o /tmp/cc4gQglw.s]
  ignore line: [GNU C17 (GCC) version 8.3.0 (aarch64-poky-linux)]
  ignore line: [	compiled by GNU C version 8.3.0  GMP version 6.2.0  MPFR version 4.0.2  MPC version 1.1.0  isl version none]
  ignore line: [GGC heuristics: --param ggc-min-expand=100 --param ggc-min-heapsize=131072]
  ignore line: [ignoring nonexistent directory "/opt/poky/3.1.17/sysroots/aarch64-poky-linux/usr/lib64/gcc/aarch64-poky-linux/8.3.0/include"]
  ignore line: [ignoring nonexistent directory "/opt/poky/3.1.17/sysroots/x86_64-pokysdk-linux/usr/lib/aarch64-poky-linux/gcc/aarch64-poky-linux/8.3.0/../../../../../aarch64-poky-linux/include"]
  ignore line: [#include "..." search starts here:]
  ignore line: [#include <...> search starts here:]
  ignore line: [ /opt/poky/3.1.17/sysroots/x86_64-pokysdk-linux/usr/lib/aarch64-poky-linux/gcc/aarch64-poky-linux/8.3.0/include]
  ignore line: [ /opt/poky/3.1.17/sysroots/aarch64-poky-linux/usr/local/include]
  ignore line: [ /opt/poky/3.1.17/sysroots/x86_64-pokysdk-linux/usr/lib/aarch64-poky-linux/gcc/aarch64-poky-linux/8.3.0/include-fixed]
  ignore line: [ /opt/poky/3.1.17/sysroots/aarch64-poky-linux/usr/include/]
  ignore line: [End of search list.]
  ignore line: [GNU C17 (GCC) version 8.3.0 (aarch64-poky-linux)]
  ignore line: [	compiled by GNU C version 8.3.0  GMP version 6.2.0  MPFR version 4.0.2  MPC version 1.1.0  isl version none]
  ignore line: [GGC heuristics: --param ggc-min-expand=100 --param ggc-min-heapsize=131072]
  ignore line: [Compiler executable checksum: e55255b6e1a6f715c4015d3a6b5c6a6e]
  ignore line: [COLLECT_GCC_OPTIONS='--sysroot=/opt/poky/3.1.17/sysroots/aarch64-poky-linux' '-v' '-o' 'CMakeFiles/cmTC_25f9d.dir/CMakeCCompilerABI.c.o' '-c' '-mlittle-endian' '-mabi=lp64']
  ignore line: [ /opt/poky/3.1.17/sysroots/x86_64-pokysdk-linux/usr/libexec/aarch64-poky-linux/gcc/aarch64-poky-linux/8.3.0/as -v -EL -mabi=lp64 -o CMakeFiles/cmTC_25f9d.dir/CMakeCCompilerABI.c.o /tmp/cc4gQglw.s]
  ignore line: [GNU assembler version 2.31.1 (aarch64-poky-linux) using BFD version (GNU Binutils) 2.31.1]
  ignore line: [COMPILER_PATH=/opt/poky/3.1.17/sysroots/x86_64-pokysdk-linux/usr/libexec/aarch64-poky-linux/gcc/aarch64-poky-linux/8.3.0/:/opt/poky/3.1.17/sysroots/x86_64-pokysdk-linux/usr/libexec/aarch64-poky-linux/gcc/aarch64-poky-linux/8.3.0/:/opt/poky/3.1.17/sysroots/x86_64-pokysdk-linux/usr/libexec/aarch64-poky-linux/gcc/aarch64-poky-linux/:/opt/poky/3.1.17/sysroots/x86_64-pokysdk-linux/usr/lib/aarch64-poky-linux/gcc/aarch64-poky-linux/8.3.0/:/opt/poky/3.1.17/sysroots/x86_64-pokysdk-linux/usr/lib/aarch64-poky-linux/gcc/aarch64-poky-linux/]
  ignore line: [LIBRARY_PATH=/opt/poky/3.1.17/sysroots/x86_64-pokysdk-linux/usr/lib/aarch64-poky-linux/gcc/aarch64-poky-linux/8.3.0/:/opt/poky/3.1.17/sysroots/aarch64-poky-linux/lib64/:/opt/poky/3.1.17/sysroots/aarch64-poky-linux/usr/lib64/aarch64-poky-linux/8.3.0/:/opt/poky/3.1.17/sysroots/aarch64-poky-linux/usr/lib64/]
  ignore line: [COLLECT_GCC_OPTIONS='--sysroot=/opt/poky/3.1.17/sysroots/aarch64-poky-linux' '-v' '-o' 'CMakeFiles/cmTC_25f9d.dir/CMakeCCompilerABI.c.o' '-c' '-mlittle-endian' '-mabi=lp64']
  ignore line: [Linking C executable cmTC_25f9d]
  ignore line: [/usr/bin/cmake -E cmake_link_script CMakeFiles/cmTC_25f9d.dir/link.txt --verbose=1]
  ignore line: [/opt/poky/3.1.17/sysroots/x86_64-pokysdk-linux/usr/bin/aarch64-poky-linux/aarch64-poky-linux-gcc --sysroot=/opt/poky/3.1.17/sysroots/aarch64-poky-linux     -v CMakeFiles/cmTC_25f9d.dir/CMakeCCompilerABI.c.o  -o cmTC_25f9d ]
  ignore line: [Using built-in specs.]
  ignore line: [COLLECT_GCC=/opt/poky/3.1.17/sysroots/x86_64-pokysdk-linux/usr/bin/aarch64-poky-linux/aarch64-poky-linux-gcc]
  ignore line: [COLLECT_LTO_WRAPPER=/opt/poky/3.1.17/sysroots/x86_64-pokysdk-linux/usr/libexec/aarch64-poky-linux/gcc/aarch64-poky-linux/8.3.0/lto-wrapper]
  ignore line: [Target: aarch64-poky-linux]
  ignore line: [Configured with: ../../../../../../work-shared/gcc-8.3.0-r0/gcc-8-8.3.0/src/configure --build=x86_64-linux --host=x86_64-pokysdk-linux --target=aarch64-poky-linux --prefix=/usr/local/oe-sdk-hardcoded-buildpath/sysroots/x86_64-pokysdk-linux/usr --exec_prefix=/usr/local/oe-sdk-hardcoded-buildpath/sysroots/x86_64-pokysdk-linux/usr --bindir=/usr/local/oe-sdk-hardcoded-buildpath/sysroots/x86_64-pokysdk-linux/usr/bin/aarch64-poky-linux --sbindir=/usr/local/oe-sdk-hardcoded-buildpath/sysroots/x86_64-pokysdk-linux/usr/bin/aarch64-poky-linux --libexecdir=/usr/local/oe-sdk-hardcoded-buildpath/sysroots/x86_64-pokysdk-linux/usr/libexec/aarch64-poky-linux --datadir=/usr/local/oe-sdk-hardcoded-buildpath/sysroots/x86_64-pokysdk-linux/usr/share --sysconfdir=/usr/local/oe-sdk-hardcoded-buildpath/sysroots/x86_64-pokysdk-linux/etc --sharedstatedir=/usr/local/oe-sdk-hardcoded-buildpath/sysroots/x86_64-pokysdk-linux/com --localstatedir=/usr/local/oe-sdk-hardcoded-buildpath/sysroots/x86_64-pokysdk-linux/var --libdir=/usr/local/oe-sdk-hardcoded-buildpath/sysroots/x86_64-pokysdk-linux/usr/lib/aarch64-poky-linux --includedir=/usr/local/oe-sdk-hardcoded-buildpath/sysroots/x86_64-pokysdk-linux/usr/include --oldincludedir=/usr/local/oe-sdk-hardcoded-buildpath/sysroots/x86_64-pokysdk-linux/usr/include --infodir=/usr/local/oe-sdk-hardcoded-buildpath/sysroots/x86_64-pokysdk-linux/usr/share/info --mandir=/usr/local/oe-sdk-hardcoded-buildpath/sysroots/x86_64-pokysdk-linux/usr/share/man --disable-silent-rules --disable-dependency-tracking --with-libtool-sysroot=/home/samba/kurata/V2L/work_20230314_v7.30_aisdk/rzv_vlp_v3.0.2/build/tmp/work/x86_64-nativesdk-pokysdk-linux/gcc-cross-canadian-aarch64/8.3.0-r0/recipe-sysroot --with-gnu-ld --enable-shared --enable-languages=c,c++ --enable-threads=posix --enable-multilib --enable-default-pie --enable-c99 --enable-long-long --enable-symvers=gnu --enable-libstdcxx-pch --program-prefix=aarch64-poky-linux- --without-local-prefix --disable-install-libiberty --enable-lto --disable-libssp --enable-libitm --disable-bootstrap --disable-libmudflap --with-system-zlib --with-linker-hash-style=gnu --enable-linker-build-id --with-ppl=no --with-cloog=no --enable-checking=release --enable-cheaders=c_global --without-isl --with-gxx-include-dir=/not/exist/usr/include/c++/8.3.0 --with-build-time-tools=/home/samba/kurata/V2L/work_20230314_v7.30_aisdk/rzv_vlp_v3.0.2/build/tmp/work/x86_64-nativesdk-pokysdk-linux/gcc-cross-canadian-aarch64/8.3.0-r0/recipe-sysroot-native/usr/aarch64-poky-linux/bin --with-sysroot=/not/exist --with-build-sysroot=/home/samba/kurata/V2L/work_20230314_v7.30_aisdk/rzv_vlp_v3.0.2/build/tmp/work/x86_64-nativesdk-pokysdk-linux/gcc-cross-canadian-aarch64/8.3.0-r0/recipe-sysroot --enable-poison-system-directories --disable-static --enable-nls --with-glibc-version=2.28 --enable-initfini-array --enable-__cxa_atexit]
  ignore line: [Thread model: posix]
  ignore line: [gcc version 8.3.0 (GCC) ]
  ignore line: [COMPILER_PATH=/opt/poky/3.1.17/sysroots/x86_64-pokysdk-linux/usr/libexec/aarch64-poky-linux/gcc/aarch64-poky-linux/8.3.0/:/opt/poky/3.1.17/sysroots/x86_64-pokysdk-linux/usr/libexec/aarch64-poky-linux/gcc/aarch64-poky-linux/8.3.0/:/opt/poky/3.1.17/sysroots/x86_64-pokysdk-linux/usr/libexec/aarch64-poky-linux/gcc/aarch64-poky-linux/:/opt/poky/3.1.17/sysroots/x86_64-pokysdk-linux/usr/lib/aarch64-poky-linux/gcc/aarch64-poky-linux/8.3.0/:/opt/poky/3.1.17/sysroots/x86_64-pokysdk-linux/usr/lib/aarch64-poky-linux/gcc/aarch64-poky-linux/]
  ignore line: [LIBRARY_PATH=/opt/poky/3.1.17/sysroots/x86_64-pokysdk-linux/usr/lib/aarch64-poky-linux/gcc/aarch64-poky-linux/8.3.0/:/opt/poky/3.1.17/sysroots/aarch64-poky-linux/lib64/:/opt/poky/3.1.17/sysroots/aarch64-poky-linux/usr/lib64/aarch64-poky-linux/8.3.0/:/opt/poky/3.1.17/sysroots/aarch64-poky-linux/usr/lib64/]
  ignore line: [COLLECT_GCC_OPTIONS='--sysroot=/opt/poky/3.1.17/sysroots/aarch64-poky-linux' '-v' '-o' 'cmTC_25f9d' '-mlittle-endian' '-mabi=lp64']
  link line: [ /opt/poky/3.1.17/sysroots/x86_64-pokysdk-linux/usr/libexec/aarch64-poky-linux/gcc/aarch64-poky-linux/8.3.0/collect2 -plugin /opt/poky/3.1.17/sysroots/x86_64-pokysdk-linux/usr/libexec/aarch64-poky-linux/gcc/aarch64-poky-linux/8.3.0/liblto_plugin.so -plugin-opt=/opt/poky/3.1.17/sysroots/x86_64-pokysdk-linux/usr/libexec/aarch64-poky-linux/gcc/aarch64-poky-linux/8.3.0/lto-wrapper -plugin-opt=-fresolution=/tmp/ccWCGUay.res -plugin-opt=-pass-through=-lgcc -plugin-opt=-pass-through=-lgcc_s -plugin-opt=-pass-through=-lc -plugin-opt=-pass-through=-lgcc -plugin-opt=-pass-through=-lgcc_s --sysroot=/opt/poky/3.1.17/sysroots/aarch64-poky-linux --build-id --eh-frame-hdr --hash-style=gnu --hash-style=gnu -dynamic-linker /lib64/ld-linux-aarch64.so.1 -X -EL -maarch64linux -pie -o cmTC_25f9d /opt/poky/3.1.17/sysroots/aarch64-poky-linux/usr/lib64/Scrt1.o /opt/poky/3.1.17/sysroots/aarch64-poky-linux/usr/lib64/crti.o /opt/poky/3.1.17/sysroots/aarch64-poky-linux/usr/lib64/aarch64-poky-linux/8.3.0/crtbeginS.o -L/opt/poky/3.1.17/sysroots/x86_64-pokysdk-linux/usr/lib/aarch64-poky-linux/gcc/aarch64-poky-linux/8.3.0 -L/opt/poky/3.1.17/sysroots/aarch64-poky-linux/lib64 -L/opt/poky/3.1.17/sysroots/aarch64-poky-linux/usr/lib64/aarch64-poky-linux/8.3.0 -L/opt/poky/3.1.17/sysroots/aarch64-poky-linux/usr/lib64 CMakeFiles/cmTC_25f9d.dir/CMakeCCompilerABI.c.o -lgcc --as-needed -lgcc_s --no-as-needed -lc -lgcc --as-needed -lgcc_s --no-as-needed /opt/poky/3.1.17/sysroots/aarch64-poky-linux/usr/lib64/aarch64-poky-linux/8.3.0/crtendS.o /opt/poky/3.1.17/sysroots/aarch64-poky-linux/usr/lib64/crtn.o]
    arg [/opt/poky/3.1.17/sysroots/x86_64-pokysdk-linux/usr/libexec/aarch64-poky-linux/gcc/aarch64-poky-linux/8.3.0/collect2] ==> ignore
    arg [-plugin] ==> ignore
    arg [/opt/poky/3.1.17/sysroots/x86_64-pokysdk-linux/usr/libexec/aarch64-poky-linux/gcc/aarch64-poky-linux/8.3.0/liblto_plugin.so] ==> ignore
    arg [-plugin-opt=/opt/poky/3.1.17/sysroots/x86_64-pokysdk-linux/usr/libexec/aarch64-poky-linux/gcc/aarch64-poky-linux/8.3.0/lto-wrapper] ==> ignore
    arg [-plugin-opt=-fresolution=/tmp/ccWCGUay.res] ==> ignore
    arg [-plugin-opt=-pass-through=-lgcc] ==> ignore
    arg [-plugin-opt=-pass-through=-lgcc_s] ==> ignore
    arg [-plugin-opt=-pass-through=-lc] ==> ignore
    arg [-plugin-opt=-pass-through=-lgcc] ==> ignore
    arg [-plugin-opt=-pass-through=-lgcc_s] ==> ignore
    arg [--sysroot=/opt/poky/3.1.17/sysroots/aarch64-poky-linux] ==> ignore
    arg [--build-id] ==> ignore
    arg [--eh-frame-hdr] ==> ignore
    arg [--hash-style=gnu] ==> ignore
    arg [--hash-style=gnu] ==> ignore
    arg [-dynamic-linker] ==> ignore
    arg [/lib64/ld-linux-aarch64.so.1] ==> ignore
    arg [-X] ==> ignore
    arg [-EL] ==> ignore
    arg [-maarch64linux] ==> ignore
    arg [-pie] ==> ignore
    arg [-o] ==> ignore
    arg [cmTC_25f9d] ==> ignore
    arg [/opt/poky/3.1.17/sysroots/aarch64-poky-linux/usr/lib64/Scrt1.o] ==> ignore
    arg [/opt/poky/3.1.17/sysroots/aarch64-poky-linux/usr/lib64/crti.o] ==> ignore
    arg [/opt/poky/3.1.17/sysroots/aarch64-poky-linux/usr/lib64/aarch64-poky-linux/8.3.0/crtbeginS.o] ==> ignore
    arg [-L/opt/poky/3.1.17/sysroots/x86_64-pokysdk-linux/usr/lib/aarch64-poky-linux/gcc/aarch64-poky-linux/8.3.0] ==> dir [/opt/poky/3.1.17/sysroots/x86_64-pokysdk-linux/usr/lib/aarch64-poky-linux/gcc/aarch64-poky-linux/8.3.0]
    arg [-L/opt/poky/3.1.17/sysroots/aarch64-poky-linux/lib64] ==> dir [/opt/poky/3.1.17/sysroots/aarch64-poky-linux/lib64]
    arg [-L/opt/poky/3.1.17/sysroots/aarch64-poky-linux/usr/lib64/aarch64-poky-linux/8.3.0] ==> dir [/opt/poky/3.1.17/sysroots/aarch64-poky-linux/usr/lib64/aarch64-poky-linux/8.3.0]
    arg [-L/opt/poky/3.1.17/sysroots/aarch64-poky-linux/usr/lib64] ==> dir [/opt/poky/3.1.17/sysroots/aarch64-poky-linux/usr/lib64]
    arg [CMakeFiles/cmTC_25f9d.dir/CMakeCCompilerABI.c.o] ==> ignore
    arg [-lgcc] ==> lib [gcc]
    arg [--as-needed] ==> ignore
    arg [-lgcc_s] ==> lib [gcc_s]
    arg [--no-as-needed] ==> ignore
    arg [-lc] ==> lib [c]
    arg [-lgcc] ==> lib [gcc]
    arg [--as-needed] ==> ignore
    arg [-lgcc_s] ==> lib [gcc_s]
    arg [--no-as-needed] ==> ignore
    arg [/opt/poky/3.1.17/sysroots/aarch64-poky-linux/usr/lib64/aarch64-poky-linux/8.3.0/crtendS.o] ==> ignore
    arg [/opt/poky/3.1.17/sysroots/aarch64-poky-linux/usr/lib64/crtn.o] ==> ignore
  collapse library dir [/opt/poky/3.1.17/sysroots/x86_64-pokysdk-linux/usr/lib/aarch64-poky-linux/gcc/aarch64-poky-linux/8.3.0] ==> [/opt/poky/3.1.17/sysroots/x86_64-pokysdk-linux/usr/lib/aarch64-poky-linux/gcc/aarch64-poky-linux/8.3.0]
  collapse library dir [/opt/poky/3.1.17/sysroots/aarch64-poky-linux/lib64] ==> [/opt/poky/3.1.17/sysroots/aarch64-poky-linux/lib64]
  collapse library dir [/opt/poky/3.1.17/sysroots/aarch64-poky-linux/usr/lib64/aarch64-poky-linux/8.3.0] ==> [/opt/poky/3.1.17/sysroots/aarch64-poky-linux/usr/lib64/aarch64-poky-linux/8.3.0]
  collapse library dir [/opt/poky/3.1.17/sysroots/aarch64-poky-linux/usr/lib64] ==> [/opt/poky/3.1.17/sysroots/aarch64-poky-linux/usr/lib64]
  implicit libs: [gcc;gcc_s;c;gcc;gcc_s]
  implicit dirs: [/opt/poky/3.1.17/sysroots/x86_64-pokysdk-linux/usr/lib/aarch64-poky-linux/gcc/aarch64-poky-linux/8.3.0;/opt/poky/3.1.17/sysroots/aarch64-poky-linux/lib64;/opt/poky/3.1.17/sysroots/aarch64-poky-linux/usr/lib64/aarch64-poky-linux/8.3.0;/opt/poky/3.1.17/sysroots/aarch64-poky-linux/usr/lib64]
  implicit fwks: []


Determining if the CXX compiler works passed with the following output:
Change Dir: /drp-ai_tvm/data/src_tess/build/CMakeFiles/CMakeTmp

Run Build Command(s):/usr/bin/make cmTC_16297/fast && /usr/bin/make -f CMakeFiles/cmTC_16297.dir/build.make CMakeFiles/cmTC_16297.dir/build
make[1]: Entering directory '/drp-ai_tvm/data/src_tess/build/CMakeFiles/CMakeTmp'
Building CXX object CMakeFiles/cmTC_16297.dir/testCXXCompiler.cxx.o
/opt/poky/3.1.17/sysroots/x86_64-pokysdk-linux/usr/bin/aarch64-poky-linux/aarch64-poky-linux-g++ --sysroot=/opt/poky/3.1.17/sysroots/aarch64-poky-linux     -o CMakeFiles/cmTC_16297.dir/testCXXCompiler.cxx.o -c /drp-ai_tvm/data/src_tess/build/CMakeFiles/CMakeTmp/testCXXCompiler.cxx
Linking CXX executable cmTC_16297
/usr/bin/cmake -E cmake_link_script CMakeFiles/cmTC_16297.dir/link.txt --verbose=1
/opt/poky/3.1.17/sysroots/x86_64-pokysdk-linux/usr/bin/aarch64-poky-linux/aarch64-poky-linux-g++ --sysroot=/opt/poky/3.1.17/sysroots/aarch64-poky-linux       CMakeFiles/cmTC_16297.dir/testCXXCompiler.cxx.o  -o cmTC_16297 
make[1]: Leaving directory '/drp-ai_tvm/data/src_tess/build/CMakeFiles/CMakeTmp'



Detecting CXX compiler ABI info compiled with the following output:
Change Dir: /drp-ai_tvm/data/src_tess/build/CMakeFiles/CMakeTmp

Run Build Command(s):/usr/bin/make cmTC_267ab/fast && /usr/bin/make -f CMakeFiles/cmTC_267ab.dir/build.make CMakeFiles/cmTC_267ab.dir/build
make[1]: Entering directory '/drp-ai_tvm/data/src_tess/build/CMakeFiles/CMakeTmp'
Building CXX object CMakeFiles/cmTC_267ab.dir/CMakeCXXCompilerABI.cpp.o
/opt/poky/3.1.17/sysroots/x86_64-pokysdk-linux/usr/bin/aarch64-poky-linux/aarch64-poky-linux-g++ --sysroot=/opt/poky/3.1.17/sysroots/aarch64-poky-linux    -v -o CMakeFiles/cmTC_267ab.dir/CMakeCXXCompilerABI.cpp.o -c /usr/share/cmake-3.16/Modules/CMakeCXXCompilerABI.cpp
Using built-in specs.
COLLECT_GCC=/opt/poky/3.1.17/sysroots/x86_64-pokysdk-linux/usr/bin/aarch64-poky-linux/aarch64-poky-linux-g++
Target: aarch64-poky-linux
Configured with: ../../../../../../work-shared/gcc-8.3.0-r0/gcc-8-8.3.0/src/configure --build=x86_64-linux --host=x86_64-pokysdk-linux --target=aarch64-poky-linux --prefix=/usr/local/oe-sdk-hardcoded-buildpath/sysroots/x86_64-pokysdk-linux/usr --exec_prefix=/usr/local/oe-sdk-hardcoded-buildpath/sysroots/x86_64-pokysdk-linux/usr --bindir=/usr/local/oe-sdk-hardcoded-buildpath/sysroots/x86_64-pokysdk-linux/usr/bin/aarch64-poky-linux --sbindir=/usr/local/oe-sdk-hardcoded-buildpath/sysroots/x86_64-pokysdk-linux/usr/bin/aarch64-poky-linux --libexecdir=/usr/local/oe-sdk-hardcoded-buildpath/sysroots/x86_64-pokysdk-linux/usr/libexec/aarch64-poky-linux --datadir=/usr/local/oe-sdk-hardcoded-buildpath/sysroots/x86_64-pokysdk-linux/usr/share --sysconfdir=/usr/local/oe-sdk-hardcoded-buildpath/sysroots/x86_64-pokysdk-linux/etc --sharedstatedir=/usr/local/oe-sdk-hardcoded-buildpath/sysroots/x86_64-pokysdk-linux/com --localstatedir=/usr/local/oe-sdk-hardcoded-buildpath/sysroots/x86_64-pokysdk-linux/var --libdir=/usr/local/oe-sdk-hardcoded-buildpath/sysroots/x86_64-pokysdk-linux/usr/lib/aarch64-poky-linux --includedir=/usr/local/oe-sdk-hardcoded-buildpath/sysroots/x86_64-pokysdk-linux/usr/include --oldincludedir=/usr/local/oe-sdk-hardcoded-buildpath/sysroots/x86_64-pokysdk-linux/usr/include --infodir=/usr/local/oe-sdk-hardcoded-buildpath/sysroots/x86_64-pokysdk-linux/usr/share/info --mandir=/usr/local/oe-sdk-hardcoded-buildpath/sysroots/x86_64-pokysdk-linux/usr/share/man --disable-silent-rules --disable-dependency-tracking --with-libtool-sysroot=/home/samba/kurata/V2L/work_20230314_v7.30_aisdk/rzv_vlp_v3.0.2/build/tmp/work/x86_64-nativesdk-pokysdk-linux/gcc-cross-canadian-aarch64/8.3.0-r0/recipe-sysroot --with-gnu-ld --enable-shared --enable-languages=c,c++ --enable-threads=posix --enable-multilib --enable-default-pie --enable-c99 --enable-long-long --enable-symvers=gnu --enable-libstdcxx-pch --program-prefix=aarch64-poky-linux- --without-local-prefix --disable-install-libiberty --enable-lto --disable-libssp --enable-libitm --disable-bootstrap --disable-libmudflap --with-system-zlib --with-linker-hash-style=gnu --enable-linker-build-id --with-ppl=no --with-cloog=no --enable-checking=release --enable-cheaders=c_global --without-isl --with-gxx-include-dir=/not/exist/usr/include/c++/8.3.0 --with-build-time-tools=/home/samba/kurata/V2L/work_20230314_v7.30_aisdk/rzv_vlp_v3.0.2/build/tmp/work/x86_64-nativesdk-pokysdk-linux/gcc-cross-canadian-aarch64/8.3.0-r0/recipe-sysroot-native/usr/aarch64-poky-linux/bin --with-sysroot=/not/exist --with-build-sysroot=/home/samba/kurata/V2L/work_20230314_v7.30_aisdk/rzv_vlp_v3.0.2/build/tmp/work/x86_64-nativesdk-pokysdk-linux/gcc-cross-canadian-aarch64/8.3.0-r0/recipe-sysroot --enable-poison-system-directories --disable-static --enable-nls --with-glibc-version=2.28 --enable-initfini-array --enable-__cxa_atexit
Thread model: posix
gcc version 8.3.0 (GCC) 
COLLECT_GCC_OPTIONS='--sysroot=/opt/poky/3.1.17/sysroots/aarch64-poky-linux' '-v' '-o' 'CMakeFiles/cmTC_267ab.dir/CMakeCXXCompilerABI.cpp.o' '-c' '-shared-libgcc' '-mlittle-endian' '-mabi=lp64'
 /opt/poky/3.1.17/sysroots/x86_64-pokysdk-linux/usr/libexec/aarch64-poky-linux/gcc/aarch64-poky-linux/8.3.0/cc1plus -quiet -v -isysroot /opt/poky/3.1.17/sysroots/aarch64-poky-linux -D_GNU_SOURCE /usr/share/cmake-3.16/Modules/CMakeCXXCompilerABI.cpp -quiet -dumpbase CMakeCXXCompilerABI.cpp -mlittle-endian -mabi=lp64 -auxbase-strip CMakeFiles/cmTC_267ab.dir/CMakeCXXCompilerABI.cpp.o -version -o /tmp/ccpefuTK.s
GNU C++14 (GCC) version 8.3.0 (aarch64-poky-linux)
	compiled by GNU C version 8.3.0, GMP version 6.2.0, MPFR version 4.0.2, MPC version 1.1.0, isl version none
GGC heuristics: --param ggc-min-expand=100 --param ggc-min-heapsize=131072
ignoring nonexistent directory "/opt/poky/3.1.17/sysroots/aarch64-poky-linux/usr/lib64/gcc/aarch64-poky-linux/8.3.0/include"
ignoring nonexistent directory "/opt/poky/3.1.17/sysroots/x86_64-pokysdk-linux/usr/lib/aarch64-poky-linux/gcc/aarch64-poky-linux/8.3.0/../../../../../aarch64-poky-linux/include"
#include "..." search starts here:
#include <...> search starts here:
 /opt/poky/3.1.17/sysroots/aarch64-poky-linux/usr/include/c++/8.3.0
 /opt/poky/3.1.17/sysroots/aarch64-poky-linux/usr/include/c++/8.3.0/aarch64-poky-linux
 /opt/poky/3.1.17/sysroots/aarch64-poky-linux/usr/include/c++/8.3.0/backward
 /opt/poky/3.1.17/sysroots/x86_64-pokysdk-linux/usr/lib/aarch64-poky-linux/gcc/aarch64-poky-linux/8.3.0/include
 /opt/poky/3.1.17/sysroots/aarch64-poky-linux/usr/local/include
 /opt/poky/3.1.17/sysroots/x86_64-pokysdk-linux/usr/lib/aarch64-poky-linux/gcc/aarch64-poky-linux/8.3.0/include-fixed
 /opt/poky/3.1.17/sysroots/aarch64-poky-linux/usr/include/
End of search list.
GNU C++14 (GCC) version 8.3.0 (aarch64-poky-linux)
	compiled by GNU C version 8.3.0, GMP version 6.2.0, MPFR version 4.0.2, MPC version 1.1.0, isl version none
GGC heuristics: --param ggc-min-expand=100 --param ggc-min-heapsize=131072
Compiler executable checksum: af80ddc361c7b0cfb729c2c700d8d46a
COLLECT_GCC_OPTIONS='--sysroot=/opt/poky/3.1.17/sysroots/aarch64-poky-linux' '-v' '-o' 'CMakeFiles/cmTC_267ab.dir/CMakeCXXCompilerABI.cpp.o' '-c' '-shared-libgcc' '-mlittle-endian' '-mabi=lp64'
 /opt/poky/3.1.17/sysroots/x86_64-pokysdk-linux/usr/libexec/aarch64-poky-linux/gcc/aarch64-poky-linux/8.3.0/as -v -EL -mabi=lp64 -o CMakeFiles/cmTC_267ab.dir/CMakeCXXCompilerABI.cpp.o /tmp/ccpefuTK.s
GNU assembler version 2.31.1 (aarch64-poky-linux) using BFD version (GNU Binutils) 2.31.1
COMPILER_PATH=/opt/poky/3.1.17/sysroots/x86_64-pokysdk-linux/usr/libexec/aarch64-poky-linux/gcc/aarch64-poky-linux/8.3.0/:/opt/poky/3.1.17/sysroots/x86_64-pokysdk-linux/usr/libexec/aarch64-poky-linux/gcc/aarch64-poky-linux/8.3.0/:/opt/poky/3.1.17/sysroots/x86_64-pokysdk-linux/usr/libexec/aarch64-poky-linux/gcc/aarch64-poky-linux/:/opt/poky/3.1.17/sysroots/x86_64-pokysdk-linux/usr/lib/aarch64-poky-linux/gcc/aarch64-poky-linux/8.3.0/:/opt/poky/3.1.17/sysroots/x86_64-pokysdk-linux/usr/lib/aarch64-poky-linux/gcc/aarch64-poky-linux/
LIBRARY_PATH=/opt/poky/3.1.17/sysroots/x86_64-pokysdk-linux/usr/lib/aarch64-poky-linux/gcc/aarch64-poky-linux/8.3.0/:/opt/poky/3.1.17/sysroots/aarch64-poky-linux/lib64/:/opt/poky/3.1.17/sysroots/aarch64-poky-linux/usr/lib64/aarch64-poky-linux/8.3.0/:/opt/poky/3.1.17/sysroots/aarch64-poky-linux/usr/lib64/
COLLECT_GCC_OPTIONS='--sysroot=/opt/poky/3.1.17/sysroots/aarch64-poky-linux' '-v' '-o' 'CMakeFiles/cmTC_267ab.dir/CMakeCXXCompilerABI.cpp.o' '-c' '-shared-libgcc' '-mlittle-endian' '-mabi=lp64'
Linking CXX executable cmTC_267ab
/usr/bin/cmake -E cmake_link_script CMakeFiles/cmTC_267ab.dir/link.txt --verbose=1
/opt/poky/3.1.17/sysroots/x86_64-pokysdk-linux/usr/bin/aarch64-poky-linux/aarch64-poky-linux-g++ --sysroot=/opt/poky/3.1.17/sysroots/aarch64-poky-linux      -v CMakeFiles/cmTC_267ab.dir/CMakeCXXCompilerABI.cpp.o  -o cmTC_267ab 
Using built-in specs.
COLLECT_GCC=/opt/poky/3.1.17/sysroots/x86_64-pokysdk-linux/usr/bin/aarch64-poky-linux/aarch64-poky-linux-g++
COLLECT_LTO_WRAPPER=/opt/poky/3.1.17/sysroots/x86_64-pokysdk-linux/usr/libexec/aarch64-poky-linux/gcc/aarch64-poky-linux/8.3.0/lto-wrapper
Target: aarch64-poky-linux
Configured with: ../../../../../../work-shared/gcc-8.3.0-r0/gcc-8-8.3.0/src/configure --build=x86_64-linux --host=x86_64-pokysdk-linux --target=aarch64-poky-linux --prefix=/usr/local/oe-sdk-hardcoded-buildpath/sysroots/x86_64-pokysdk-linux/usr --exec_prefix=/usr/local/oe-sdk-hardcoded-buildpath/sysroots/x86_64-pokysdk-linux/usr --bindir=/usr/local/oe-sdk-hardcoded-buildpath/sysroots/x86_64-pokysdk-linux/usr/bin/aarch64-poky-linux --sbindir=/usr/local/oe-sdk-hardcoded-buildpath/sysroots/x86_64-pokysdk-linux/usr/bin/aarch64-poky-linux --libexecdir=/usr/local/oe-sdk-hardcoded-buildpath/sysroots/x86_64-pokysdk-linux/usr/libexec/aarch64-poky-linux --datadir=/usr/local/oe-sdk-hardcoded-buildpath/sysroots/x86_64-pokysdk-linux/usr/share --sysconfdir=/usr/local/oe-sdk-hardcoded-buildpath/sysroots/x86_64-pokysdk-linux/etc --sharedstatedir=/usr/local/oe-sdk-hardcoded-buildpath/sysroots/x86_64-pokysdk-linux/com --localstatedir=/usr/local/oe-sdk-hardcoded-buildpath/sysroots/x86_64-pokysdk-linux/var --libdir=/usr/local/oe-sdk-hardcoded-buildpath/sysroots/x86_64-pokysdk-linux/usr/lib/aarch64-poky-linux --includedir=/usr/local/oe-sdk-hardcoded-buildpath/sysroots/x86_64-pokysdk-linux/usr/include --oldincludedir=/usr/local/oe-sdk-hardcoded-buildpath/sysroots/x86_64-pokysdk-linux/usr/include --infodir=/usr/local/oe-sdk-hardcoded-buildpath/sysroots/x86_64-pokysdk-linux/usr/share/info --mandir=/usr/local/oe-sdk-hardcoded-buildpath/sysroots/x86_64-pokysdk-linux/usr/share/man --disable-silent-rules --disable-dependency-tracking --with-libtool-sysroot=/home/samba/kurata/V2L/work_20230314_v7.30_aisdk/rzv_vlp_v3.0.2/build/tmp/work/x86_64-nativesdk-pokysdk-linux/gcc-cross-canadian-aarch64/8.3.0-r0/recipe-sysroot --with-gnu-ld --enable-shared --enable-languages=c,c++ --enable-threads=posix --enable-multilib --enable-default-pie --enable-c99 --enable-long-long --enable-symvers=gnu --enable-libstdcxx-pch --program-prefix=aarch64-poky-linux- --without-local-prefix --disable-install-libiberty --enable-lto --disable-libssp --enable-libitm --disable-bootstrap --disable-libmudflap --with-system-zlib --with-linker-hash-style=gnu --enable-linker-build-id --with-ppl=no --with-cloog=no --enable-checking=release --enable-cheaders=c_global --without-isl --with-gxx-include-dir=/not/exist/usr/include/c++/8.3.0 --with-build-time-tools=/home/samba/kurata/V2L/work_20230314_v7.30_aisdk/rzv_vlp_v3.0.2/build/tmp/work/x86_64-nativesdk-pokysdk-linux/gcc-cross-canadian-aarch64/8.3.0-r0/recipe-sysroot-native/usr/aarch64-poky-linux/bin --with-sysroot=/not/exist --with-build-sysroot=/home/samba/kurata/V2L/work_20230314_v7.30_aisdk/rzv_vlp_v3.0.2/build/tmp/work/x86_64-nativesdk-pokysdk-linux/gcc-cross-canadian-aarch64/8.3.0-r0/recipe-sysroot --enable-poison-system-directories --disable-static --enable-nls --with-glibc-version=2.28 --enable-initfini-array --enable-__cxa_atexit
Thread model: posix
gcc version 8.3.0 (GCC) 
COMPILER_PATH=/opt/poky/3.1.17/sysroots/x86_64-pokysdk-linux/usr/libexec/aarch64-poky-linux/gcc/aarch64-poky-linux/8.3.0/:/opt/poky/3.1.17/sysroots/x86_64-pokysdk-linux/usr/libexec/aarch64-poky-linux/gcc/aarch64-poky-linux/8.3.0/:/opt/poky/3.1.17/sysroots/x86_64-pokysdk-linux/usr/libexec/aarch64-poky-linux/gcc/aarch64-poky-linux/:/opt/poky/3.1.17/sysroots/x86_64-pokysdk-linux/usr/lib/aarch64-poky-linux/gcc/aarch64-poky-linux/8.3.0/:/opt/poky/3.1.17/sysroots/x86_64-pokysdk-linux/usr/lib/aarch64-poky-linux/gcc/aarch64-poky-linux/
LIBRARY_PATH=/opt/poky/3.1.17/sysroots/x86_64-pokysdk-linux/usr/lib/aarch64-poky-linux/gcc/aarch64-poky-linux/8.3.0/:/opt/poky/3.1.17/sysroots/aarch64-poky-linux/lib64/:/opt/poky/3.1.17/sysroots/aarch64-poky-linux/usr/lib64/aarch64-poky-linux/8.3.0/:/opt/poky/3.1.17/sysroots/aarch64-poky-linux/usr/lib64/
COLLECT_GCC_OPTIONS='--sysroot=/opt/poky/3.1.17/sysroots/aarch64-poky-linux' '-v' '-o' 'cmTC_267ab' '-shared-libgcc' '-mlittle-endian' '-mabi=lp64'
 /opt/poky/3.1.17/sysroots/x86_64-pokysdk-linux/usr/libexec/aarch64-poky-linux/gcc/aarch64-poky-linux/8.3.0/collect2 -plugin /opt/poky/3.1.17/sysroots/x86_64-pokysdk-linux/usr/libexec/aarch64-poky-linux/gcc/aarch64-poky-linux/8.3.0/liblto_plugin.so -plugin-opt=/opt/poky/3.1.17/sysroots/x86_64-pokysdk-linux/usr/libexec/aarch64-poky-linux/gcc/aarch64-poky-linux/8.3.0/lto-wrapper -plugin-opt=-fresolution=/tmp/ccTIQcBQ.res -plugin-opt=-pass-through=-lgcc_s -plugin-opt=-pass-through=-lgcc -plugin-opt=-pass-through=-lc -plugin-opt=-pass-through=-lgcc_s -plugin-opt=-pass-through=-lgcc --sysroot=/opt/poky/3.1.17/sysroots/aarch64-poky-linux --build-id --eh-frame-hdr --hash-style=gnu --hash-style=gnu -dynamic-linker /lib64/ld-linux-aarch64.so.1 -X -EL -maarch64linux -pie -o cmTC_267ab /opt/poky/3.1.17/sysroots/aarch64-poky-linux/usr/lib64/Scrt1.o /opt/poky/3.1.17/sysroots/aarch64-poky-linux/usr/lib64/crti.o /opt/poky/3.1.17/sysroots/aarch64-poky-linux/usr/lib64/aarch64-poky-linux/8.3.0/crtbeginS.o -L/opt/poky/3.1.17/sysroots/x86_64-pokysdk-linux/usr/lib/aarch64-poky-linux/gcc/aarch64-poky-linux/8.3.0 -L/opt/poky/3.1.17/sysroots/aarch64-poky-linux/lib64 -L/opt/poky/3.1.17/sysroots/aarch64-poky-linux/usr/lib64/aarch64-poky-linux/8.3.0 -L/opt/poky/3.1.17/sysroots/aarch64-poky-linux/usr/lib64 CMakeFiles/cmTC_267ab.dir/CMakeCXXCompilerABI.cpp.o -lstdc++ -lm -lgcc_s -lgcc -lc -lgcc_s -lgcc /opt/poky/3.1.17/sysroots/aarch64-poky-linux/usr/lib64/aarch64-poky-linux/8.3.0/crtendS.o /opt/poky/3.1.17/sysroots/aarch64-poky-linux/usr/lib64/crtn.o
COLLECT_GCC_OPTIONS='--sysroot=/opt/poky/3.1.17/sysroots/aarch64-poky-linux' '-v' '-o' 'cmTC_267ab' '-shared-libgcc' '-mlittle-endian' '-mabi=lp64'
make[1]: Leaving directory '/drp-ai_tvm/data/src_tess/build/CMakeFiles/CMakeTmp'



Parsed CXX implicit include dir info from above output: rv=done
  found start of include info
  found start of implicit include info
    add: [/opt/poky/3.1.17/sysroots/aarch64-poky-linux/usr/include/c++/8.3.0]
    add: [/opt/poky/3.1.17/sysroots/aarch64-poky-linux/usr/include/c++/8.3.0/aarch64-poky-linux]
    add: [/opt/poky/3.1.17/sysroots/aarch64-poky-linux/usr/include/c++/8.3.0/backward]
    add: [/opt/poky/3.1.17/sysroots/x86_64-pokysdk-linux/usr/lib/aarch64-poky-linux/gcc/aarch64-poky-linux/8.3.0/include]
    add: [/opt/poky/3.1.17/sysroots/aarch64-poky-linux/usr/local/include]
    add: [/opt/poky/3.1.17/sysroots/x86_64-pokysdk-linux/usr/lib/aarch64-poky-linux/gcc/aarch64-poky-linux/8.3.0/include-fixed]
    add: [/opt/poky/3.1.17/sysroots/aarch64-poky-linux/usr/include/]
  end of search list found
  collapse include dir [/opt/poky/3.1.17/sysroots/aarch64-poky-linux/usr/include/c++/8.3.0] ==> [/opt/poky/3.1.17/sysroots/aarch64-poky-linux/usr/include/c++/8.3.0]
  collapse include dir [/opt/poky/3.1.17/sysroots/aarch64-poky-linux/usr/include/c++/8.3.0/aarch64-poky-linux] ==> [/opt/poky/3.1.17/sysroots/aarch64-poky-linux/usr/include/c++/8.3.0/aarch64-poky-linux]
  collapse include dir [/opt/poky/3.1.17/sysroots/aarch64-poky-linux/usr/include/c++/8.3.0/backward] ==> [/opt/poky/3.1.17/sysroots/aarch64-poky-linux/usr/include/c++/8.3.0/backward]
  collapse include dir [/opt/poky/3.1.17/sysroots/x86_64-pokysdk-linux/usr/lib/aarch64-poky-linux/gcc/aarch64-poky-linux/8.3.0/include] ==> [/opt/poky/3.1.17/sysroots/x86_64-pokysdk-linux/usr/lib/aarch64-poky-linux/gcc/aarch64-poky-linux/8.3.0/include]
  collapse include dir [/opt/poky/3.1.17/sysroots/aarch64-poky-linux/usr/local/include] ==> [/opt/poky/3.1.17/sysroots/aarch64-poky-linux/usr/local/include]
  collapse include dir [/opt/poky/3.1.17/sysroots/x86_64-pokysdk-linux/usr/lib/aarch64-poky-linux/gcc/aarch64-poky-linux/8.3.0/include-fixed] ==> [/opt/poky/3.1.17/sysroots/x86_64-pokysdk-linux/usr/lib/aarch64-poky-linux/gcc/aarch64-poky-linux/8.3.0/include-fixed]
  collapse include dir [/opt/poky/3.1.17/sysroots/aarch64-poky-linux/usr/include/] ==> [/opt/poky/3.1.17/sysroots/aarch64-poky-linux/usr/include]
  implicit include dirs: [/opt/poky/3.1.17/sysroots/aarch64-poky-linux/usr/include/c++/8.3.0;/opt/poky/3.1.17/sysroots/aarch64-poky-linux/usr/include/c++/8.3.0/aarch64-poky-linux;/opt/poky/3.1.17/sysroots/aarch64-poky-linux/usr/include/c++/8.3.0/backward;/opt/poky/3.1.17/sysroots/x86_64-pokysdk-linux/usr/lib/aarch64-poky-linux/gcc/aarch64-poky-linux/8.3.0/include;/opt/poky/3.1.17/sysroots/aarch64-poky-linux/usr/local/include;/opt/poky/3.1.17/sysroots/x86_64-pokysdk-linux/usr/lib/aarch64-poky-linux/gcc/aarch64-poky-linux/8.3.0/include-fixed;/opt/poky/3.1.17/sysroots/aarch64-poky-linux/usr/include]


Parsed CXX implicit link information from above output:
  link line regex: [^( *|.*[/\])(aarch64-poky-linux-ld|CMAKE_LINK_STARTFILE-NOTFOUND|([^/\]+-)?ld|collect2)[^/\]*( |$)]
  ignore line: [Change Dir: /drp-ai_tvm/data/src_tess/build/CMakeFiles/CMakeTmp]
  ignore line: []
  ignore line: [Run Build Command(s):/usr/bin/make cmTC_267ab/fast && /usr/bin/make -f CMakeFiles/cmTC_267ab.dir/build.make CMakeFiles/cmTC_267ab.dir/build]
  ignore line: [make[1]: Entering directory '/drp-ai_tvm/data/src_tess/build/CMakeFiles/CMakeTmp']
  ignore line: [Building CXX object CMakeFiles/cmTC_267ab.dir/CMakeCXXCompilerABI.cpp.o]
  ignore line: [/opt/poky/3.1.17/sysroots/x86_64-pokysdk-linux/usr/bin/aarch64-poky-linux/aarch64-poky-linux-g++ --sysroot=/opt/poky/3.1.17/sysroots/aarch64-poky-linux    -v -o CMakeFiles/cmTC_267ab.dir/CMakeCXXCompilerABI.cpp.o -c /usr/share/cmake-3.16/Modules/CMakeCXXCompilerABI.cpp]
  ignore line: [Using built-in specs.]
  ignore line: [COLLECT_GCC=/opt/poky/3.1.17/sysroots/x86_64-pokysdk-linux/usr/bin/aarch64-poky-linux/aarch64-poky-linux-g++]
  ignore line: [Target: aarch64-poky-linux]
  ignore line: [Configured with: ../../../../../../work-shared/gcc-8.3.0-r0/gcc-8-8.3.0/src/configure --build=x86_64-linux --host=x86_64-pokysdk-linux --target=aarch64-poky-linux --prefix=/usr/local/oe-sdk-hardcoded-buildpath/sysroots/x86_64-pokysdk-linux/usr --exec_prefix=/usr/local/oe-sdk-hardcoded-buildpath/sysroots/x86_64-pokysdk-linux/usr --bindir=/usr/local/oe-sdk-hardcoded-buildpath/sysroots/x86_64-pokysdk-linux/usr/bin/aarch64-poky-linux --sbindir=/usr/local/oe-sdk-hardcoded-buildpath/sysroots/x86_64-pokysdk-linux/usr/bin/aarch64-poky-linux --libexecdir=/usr/local/oe-sdk-hardcoded-buildpath/sysroots/x86_64-pokysdk-linux/usr/libexec/aarch64-poky-linux --datadir=/usr/local/oe-sdk-hardcoded-buildpath/sysroots/x86_64-pokysdk-linux/usr/share --sysconfdir=/usr/local/oe-sdk-hardcoded-buildpath/sysroots/x86_64-pokysdk-linux/etc --sharedstatedir=/usr/local/oe-sdk-hardcoded-buildpath/sysroots/x86_64-pokysdk-linux/com --localstatedir=/usr/local/oe-sdk-hardcoded-buildpath/sysroots/x86_64-pokysdk-linux/var --libdir=/usr/local/oe-sdk-hardcoded-buildpath/sysroots/x86_64-pokysdk-linux/usr/lib/aarch64-poky-linux --includedir=/usr/local/oe-sdk-hardcoded-buildpath/sysroots/x86_64-pokysdk-linux/usr/include --oldincludedir=/usr/local/oe-sdk-hardcoded-buildpath/sysroots/x86_64-pokysdk-linux/usr/include --infodir=/usr/local/oe-sdk-hardcoded-buildpath/sysroots/x86_64-pokysdk-linux/usr/share/info --mandir=/usr/local/oe-sdk-hardcoded-buildpath/sysroots/x86_64-pokysdk-linux/usr/share/man --disable-silent-rules --disable-dependency-tracking --with-libtool-sysroot=/home/samba/kurata/V2L/work_20230314_v7.30_aisdk/rzv_vlp_v3.0.2/build/tmp/work/x86_64-nativesdk-pokysdk-linux/gcc-cross-canadian-aarch64/8.3.0-r0/recipe-sysroot --with-gnu-ld --enable-shared --enable-languages=c,c++ --enable-threads=posix --enable-multilib --enable-default-pie --enable-c99 --enable-long-long --enable-symvers=gnu --enable-libstdcxx-pch --program-prefix=aarch64-poky-linux- --without-local-prefix --disable-install-libiberty --enable-lto --disable-libssp --enable-libitm --disable-bootstrap --disable-libmudflap --with-system-zlib --with-linker-hash-style=gnu --enable-linker-build-id --with-ppl=no --with-cloog=no --enable-checking=release --enable-cheaders=c_global --without-isl --with-gxx-include-dir=/not/exist/usr/include/c++/8.3.0 --with-build-time-tools=/home/samba/kurata/V2L/work_20230314_v7.30_aisdk/rzv_vlp_v3.0.2/build/tmp/work/x86_64-nativesdk-pokysdk-linux/gcc-cross-canadian-aarch64/8.3.0-r0/recipe-sysroot-native/usr/aarch64-poky-linux/bin --with-sysroot=/not/exist --with-build-sysroot=/home/samba/kurata/V2L/work_20230314_v7.30_aisdk/rzv_vlp_v3.0.2/build/tmp/work/x86_64-nativesdk-pokysdk-linux/gcc-cross-canadian-aarch64/8.3.0-r0/recipe-sysroot --enable-poison-system-directories --disable-static --enable-nls --with-glibc-version=2.28 --enable-initfini-array --enable-__cxa_atexit]
  ignore line: [Thread model: posix]
  ignore line: [gcc version 8.3.0 (GCC) ]
  ignore line: [COLLECT_GCC_OPTIONS='--sysroot=/opt/poky/3.1.17/sysroots/aarch64-poky-linux' '-v' '-o' 'CMakeFiles/cmTC_267ab.dir/CMakeCXXCompilerABI.cpp.o' '-c' '-shared-libgcc' '-mlittle-endian' '-mabi=lp64']
  ignore line: [ /opt/poky/3.1.17/sysroots/x86_64-pokysdk-linux/usr/libexec/aarch64-poky-linux/gcc/aarch64-poky-linux/8.3.0/cc1plus -quiet -v -isysroot /opt/poky/3.1.17/sysroots/aarch64-poky-linux -D_GNU_SOURCE /usr/share/cmake-3.16/Modules/CMakeCXXCompilerABI.cpp -quiet -dumpbase CMakeCXXCompilerABI.cpp -mlittle-endian -mabi=lp64 -auxbase-strip CMakeFiles/cmTC_267ab.dir/CMakeCXXCompilerABI.cpp.o -version -o /tmp/ccpefuTK.s]
  ignore line: [GNU C++14 (GCC) version 8.3.0 (aarch64-poky-linux)]
  ignore line: [	compiled by GNU C version 8.3.0  GMP version 6.2.0  MPFR version 4.0.2  MPC version 1.1.0  isl version none]
  ignore line: [GGC heuristics: --param ggc-min-expand=100 --param ggc-min-heapsize=131072]
  ignore line: [ignoring nonexistent directory "/opt/poky/3.1.17/sysroots/aarch64-poky-linux/usr/lib64/gcc/aarch64-poky-linux/8.3.0/include"]
  ignore line: [ignoring nonexistent directory "/opt/poky/3.1.17/sysroots/x86_64-pokysdk-linux/usr/lib/aarch64-poky-linux/gcc/aarch64-poky-linux/8.3.0/../../../../../aarch64-poky-linux/include"]
  ignore line: [#include "..." search starts here:]
  ignore line: [#include <...> search starts here:]
  ignore line: [ /opt/poky/3.1.17/sysroots/aarch64-poky-linux/usr/include/c++/8.3.0]
  ignore line: [ /opt/poky/3.1.17/sysroots/aarch64-poky-linux/usr/include/c++/8.3.0/aarch64-poky-linux]
  ignore line: [ /opt/poky/3.1.17/sysroots/aarch64-poky-linux/usr/include/c++/8.3.0/backward]
  ignore line: [ /opt/poky/3.1.17/sysroots/x86_64-pokysdk-linux/usr/lib/aarch64-poky-linux/gcc/aarch64-poky-linux/8.3.0/include]
  ignore line: [ /opt/poky/3.1.17/sysroots/aarch64-poky-linux/usr/local/include]
  ignore line: [ /opt/poky/3.1.17/sysroots/x86_64-pokysdk-linux/usr/lib/aarch64-poky-linux/gcc/aarch64-poky-linux/8.3.0/include-fixed]
  ignore line: [ /opt/poky/3.1.17/sysroots/aarch64-poky-linux/usr/include/]
  ignore line: [End of search list.]
  ignore line: [GNU C++14 (GCC) version 8.3.0 (aarch64-poky-linux)]
  ignore line: [	compiled by GNU C version 8.3.0  GMP version 6.2.0  MPFR version 4.0.2  MPC version 1.1.0  isl version none]
  ignore line: [GGC heuristics: --param ggc-min-expand=100 --param ggc-min-heapsize=131072]
  ignore line: [Compiler executable checksum: af80ddc361c7b0cfb729c2c700d8d46a]
  ignore line: [COLLECT_GCC_OPTIONS='--sysroot=/opt/poky/3.1.17/sysroots/aarch64-poky-linux' '-v' '-o' 'CMakeFiles/cmTC_267ab.dir/CMakeCXXCompilerABI.cpp.o' '-c' '-shared-libgcc' '-mlittle-endian' '-mabi=lp64']
  ignore line: [ /opt/poky/3.1.17/sysroots/x86_64-pokysdk-linux/usr/libexec/aarch64-poky-linux/gcc/aarch64-poky-linux/8.3.0/as -v -EL -mabi=lp64 -o CMakeFiles/cmTC_267ab.dir/CMakeCXXCompilerABI.cpp.o /tmp/ccpefuTK.s]
  ignore line: [GNU assembler version 2.31.1 (aarch64-poky-linux) using BFD version (GNU Binutils) 2.31.1]
  ignore line: [COMPILER_PATH=/opt/poky/3.1.17/sysroots/x86_64-pokysdk-linux/usr/libexec/aarch64-poky-linux/gcc/aarch64-poky-linux/8.3.0/:/opt/poky/3.1.17/sysroots/x86_64-pokysdk-linux/usr/libexec/aarch64-poky-linux/gcc/aarch64-poky-linux/8.3.0/:/opt/poky/3.1.17/sysroots/x86_64-pokysdk-linux/usr/libexec/aarch64-poky-linux/gcc/aarch64-poky-linux/:/opt/poky/3.1.17/sysroots/x86_64-pokysdk-linux/usr/lib/aarch64-poky-linux/gcc/aarch64-poky-linux/8.3.0/:/opt/poky/3.1.17/sysroots/x86_64-pokysdk-linux/usr/lib/aarch64-poky-linux/gcc/aarch64-poky-linux/]
  ignore line: [LIBRARY_PATH=/opt/poky/3.1.17/sysroots/x86_64-pokysdk-linux/usr/lib/aarch64-poky-linux/gcc/aarch64-poky-linux/8.3.0/:/opt/poky/3.1.17/sysroots/aarch64-poky-linux/lib64/:/opt/poky/3.1.17/sysroots/aarch64-poky-linux/usr/lib64/aarch64-poky-linux/8.3.0/:/opt/poky/3.1.17/sysroots/aarch64-poky-linux/usr/lib64/]
  ignore line: [COLLECT_GCC_OPTIONS='--sysroot=/opt/poky/3.1.17/sysroots/aarch64-poky-linux' '-v' '-o' 'CMakeFiles/cmTC_267ab.dir/CMakeCXXCompilerABI.cpp.o' '-c' '-shared-libgcc' '-mlittle-endian' '-mabi=lp64']
  ignore line: [Linking CXX executable cmTC_267ab]
  ignore line: [/usr/bin/cmake -E cmake_link_script CMakeFiles/cmTC_267ab.dir/link.txt --verbose=1]
  ignore line: [/opt/poky/3.1.17/sysroots/x86_64-pokysdk-linux/usr/bin/aarch64-poky-linux/aarch64-poky-linux-g++ --sysroot=/opt/poky/3.1.17/sysroots/aarch64-poky-linux      -v CMakeFiles/cmTC_267ab.dir/CMakeCXXCompilerABI.cpp.o  -o cmTC_267ab ]
  ignore line: [Using built-in specs.]
  ignore line: [COLLECT_GCC=/opt/poky/3.1.17/sysroots/x86_64-pokysdk-linux/usr/bin/aarch64-poky-linux/aarch64-poky-linux-g++]
  ignore line: [COLLECT_LTO_WRAPPER=/opt/poky/3.1.17/sysroots/x86_64-pokysdk-linux/usr/libexec/aarch64-poky-linux/gcc/aarch64-poky-linux/8.3.0/lto-wrapper]
  ignore line: [Target: aarch64-poky-linux]
  ignore line: [Configured with: ../../../../../../work-shared/gcc-8.3.0-r0/gcc-8-8.3.0/src/configure --build=x86_64-linux --host=x86_64-pokysdk-linux --target=aarch64-poky-linux --prefix=/usr/local/oe-sdk-hardcoded-buildpath/sysroots/x86_64-pokysdk-linux/usr --exec_prefix=/usr/local/oe-sdk-hardcoded-buildpath/sysroots/x86_64-pokysdk-linux/usr --bindir=/usr/local/oe-sdk-hardcoded-buildpath/sysroots/x86_64-pokysdk-linux/usr/bin/aarch64-poky-linux --sbindir=/usr/local/oe-sdk-hardcoded-buildpath/sysroots/x86_64-pokysdk-linux/usr/bin/aarch64-poky-linux --libexecdir=/usr/local/oe-sdk-hardcoded-buildpath/sysroots/x86_64-pokysdk-linux/usr/libexec/aarch64-poky-linux --datadir=/usr/local/oe-sdk-hardcoded-buildpath/sysroots/x86_64-pokysdk-linux/usr/share --sysconfdir=/usr/local/oe-sdk-hardcoded-buildpath/sysroots/x86_64-pokysdk-linux/etc --sharedstatedir=/usr/local/oe-sdk-hardcoded-buildpath/sysroots/x86_64-pokysdk-linux/com --localstatedir=/usr/local/oe-sdk-hardcoded-buildpath/sysroots/x86_64-pokysdk-linux/var --libdir=/usr/local/oe-sdk-hardcoded-buildpath/sysroots/x86_64-pokysdk-linux/usr/lib/aarch64-poky-linux --includedir=/usr/local/oe-sdk-hardcoded-buildpath/sysroots/x86_64-pokysdk-linux/usr/include --oldincludedir=/usr/local/oe-sdk-hardcoded-buildpath/sysroots/x86_64-pokysdk-linux/usr/include --infodir=/usr/local/oe-sdk-hardcoded-buildpath/sysroots/x86_64-pokysdk-linux/usr/share/info --mandir=/usr/local/oe-sdk-hardcoded-buildpath/sysroots/x86_64-pokysdk-linux/usr/share/man --disable-silent-rules --disable-dependency-tracking --with-libtool-sysroot=/home/samba/kurata/V2L/work_20230314_v7.30_aisdk/rzv_vlp_v3.0.2/build/tmp/work/x86_64-nativesdk-pokysdk-linux/gcc-cross-canadian-aarch64/8.3.0-r0/recipe-sysroot --with-gnu-ld --enable-shared --enable-languages=c,c++ --enable-threads=posix --enable-multilib --enable-default-pie --enable-c99 --enable-long-long --enable-symvers=gnu --enable-libstdcxx-pch --program-prefix=aarch64-poky-linux- --without-local-prefix --disable-install-libiberty --enable-lto --disable-libssp --enable-libitm --disable-bootstrap --disable-libmudflap --with-system-zlib --with-linker-hash-style=gnu --enable-linker-build-id --with-ppl=no --with-cloog=no --enable-checking=release --enable-cheaders=c_global --without-isl --with-gxx-include-dir=/not/exist/usr/include/c++/8.3.0 --with-build-time-tools=/home/samba/kurata/V2L/work_20230314_v7.30_aisdk/rzv_vlp_v3.0.2/build/tmp/work/x86_64-nativesdk-pokysdk-linux/gcc-cross-canadian-aarch64/8.3.0-r0/recipe-sysroot-native/usr/aarch64-poky-linux/bin --with-sysroot=/not/exist --with-build-sysroot=/home/samba/kurata/V2L/work_20230314_v7.30_aisdk/rzv_vlp_v3.0.2/build/tmp/work/x86_64-nativesdk-pokysdk-linux/gcc-cross-canadian-aarch64/8.3.0-r0/recipe-sysroot --enable-poison-system-directories --disable-static --enable-nls --with-glibc-version=2.28 --enable-initfini-array --enable-__cxa_atexit]
  ignore line: [Thread model: posix]
  ignore line: [gcc version 8.3.0 (GCC) ]
  ignore line: [COMPILER_PATH=/opt/poky/3.1.17/sysroots/x86_64-pokysdk-linux/usr/libexec/aarch64-poky-linux/gcc/aarch64-poky-linux/8.3.0/:/opt/poky/3.1.17/sysroots/x86_64-pokysdk-linux/usr/libexec/aarch64-poky-linux/gcc/aarch64-poky-linux/8.3.0/:/opt/poky/3.1.17/sysroots/x86_64-pokysdk-linux/usr/libexec/aarch64-poky-linux/gcc/aarch64-poky-linux/:/opt/poky/3.1.17/sysroots/x86_64-pokysdk-linux/usr/lib/aarch64-poky-linux/gcc/aarch64-poky-linux/8.3.0/:/opt/poky/3.1.17/sysroots/x86_64-pokysdk-linux/usr/lib/aarch64-poky-linux/gcc/aarch64-poky-linux/]
  ignore line: [LIBRARY_PATH=/opt/poky/3.1.17/sysroots/x86_64-pokysdk-linux/usr/lib/aarch64-poky-linux/gcc/aarch64-poky-linux/8.3.0/:/opt/poky/3.1.17/sysroots/aarch64-poky-linux/lib64/:/opt/poky/3.1.17/sysroots/aarch64-poky-linux/usr/lib64/aarch64-poky-linux/8.3.0/:/opt/poky/3.1.17/sysroots/aarch64-poky-linux/usr/lib64/]
  ignore line: [COLLECT_GCC_OPTIONS='--sysroot=/opt/poky/3.1.17/sysroots/aarch64-poky-linux' '-v' '-o' 'cmTC_267ab' '-shared-libgcc' '-mlittle-endian' '-mabi=lp64']
  link line: [ /opt/poky/3.1.17/sysroots/x86_64-pokysdk-linux/usr/libexec/aarch64-poky-linux/gcc/aarch64-poky-linux/8.3.0/collect2 -plugin /opt/poky/3.1.17/sysroots/x86_64-pokysdk-linux/usr/libexec/aarch64-poky-linux/gcc/aarch64-poky-linux/8.3.0/liblto_plugin.so -plugin-opt=/opt/poky/3.1.17/sysroots/x86_64-pokysdk-linux/usr/libexec/aarch64-poky-linux/gcc/aarch64-poky-linux/8.3.0/lto-wrapper -plugin-opt=-fresolution=/tmp/ccTIQcBQ.res -plugin-opt=-pass-through=-lgcc_s -plugin-opt=-pass-through=-lgcc -plugin-opt=-pass-through=-lc -plugin-opt=-pass-through=-lgcc_s -plugin-opt=-pass-through=-lgcc --sysroot=/opt/poky/3.1.17/sysroots/aarch64-poky-linux --build-id --eh-frame-hdr --hash-style=gnu --hash-style=gnu -dynamic-linker /lib64/ld-linux-aarch64.so.1 -X -EL -maarch64linux -pie -o cmTC_267ab /opt/poky/3.1.17/sysroots/aarch64-poky-linux/usr/lib64/Scrt1.o /opt/poky/3.1.17/sysroots/aarch64-poky-linux/usr/lib64/crti.o /opt/poky/3.1.17/sysroots/aarch64-poky-linux/usr/lib64/aarch64-poky-linux/8.3.0/crtbeginS.o -L/opt/poky/3.1.17/sysroots/x86_64-pokysdk-linux/usr/lib/aarch64-poky-linux/gcc/aarch64-poky-linux/8.3.0 -L/opt/poky/3.1.17/sysroots/aarch64-poky-linux/lib64 -L/opt/poky/3.1.17/sysroots/aarch64-poky-linux/usr/lib64/aarch64-poky-linux/8.3.0 -L/opt/poky/3.1.17/sysroots/aarch64-poky-linux/usr/lib64 CMakeFiles/cmTC_267ab.dir/CMakeCXXCompilerABI.cpp.o -lstdc++ -lm -lgcc_s -lgcc -lc -lgcc_s -lgcc /opt/poky/3.1.17/sysroots/aarch64-poky-linux/usr/lib64/aarch64-poky-linux/8.3.0/crtendS.o /opt/poky/3.1.17/sysroots/aarch64-poky-linux/usr/lib64/crtn.o]
    arg [/opt/poky/3.1.17/sysroots/x86_64-pokysdk-linux/usr/libexec/aarch64-poky-linux/gcc/aarch64-poky-linux/8.3.0/collect2] ==> ignore
    arg [-plugin] ==> ignore
    arg [/opt/poky/3.1.17/sysroots/x86_64-pokysdk-linux/usr/libexec/aarch64-poky-linux/gcc/aarch64-poky-linux/8.3.0/liblto_plugin.so] ==> ignore
    arg [-plugin-opt=/opt/poky/3.1.17/sysroots/x86_64-pokysdk-linux/usr/libexec/aarch64-poky-linux/gcc/aarch64-poky-linux/8.3.0/lto-wrapper] ==> ignore
    arg [-plugin-opt=-fresolution=/tmp/ccTIQcBQ.res] ==> ignore
    arg [-plugin-opt=-pass-through=-lgcc_s] ==> ignore
    arg [-plugin-opt=-pass-through=-lgcc] ==> ignore
    arg [-plugin-opt=-pass-through=-lc] ==> ignore
    arg [-plugin-opt=-pass-through=-lgcc_s] ==> ignore
    arg [-plugin-opt=-pass-through=-lgcc] ==> ignore
    arg [--sysroot=/opt/poky/3.1.17/sysroots/aarch64-poky-linux] ==> ignore
    arg [--build-id] ==> ignore
    arg [--eh-frame-hdr] ==> ignore
    arg [--hash-style=gnu] ==> ignore
    arg [--hash-style=gnu] ==> ignore
    arg [-dynamic-linker] ==> ignore
    arg [/lib64/ld-linux-aarch64.so.1] ==> ignore
    arg [-X] ==> ignore
    arg [-EL] ==> ignore
    arg [-maarch64linux] ==> ignore
    arg [-pie] ==> ignore
    arg [-o] ==> ignore
    arg [cmTC_267ab] ==> ignore
    arg [/opt/poky/3.1.17/sysroots/aarch64-poky-linux/usr/lib64/Scrt1.o] ==> ignore
    arg [/opt/poky/3.1.17/sysroots/aarch64-poky-linux/usr/lib64/crti.o] ==> ignore
    arg [/opt/poky/3.1.17/sysroots/aarch64-poky-linux/usr/lib64/aarch64-poky-linux/8.3.0/crtbeginS.o] ==> ignore
    arg [-L/opt/poky/3.1.17/sysroots/x86_64-pokysdk-linux/usr/lib/aarch64-poky-linux/gcc/aarch64-poky-linux/8.3.0] ==> dir [/opt/poky/3.1.17/sysroots/x86_64-pokysdk-linux/usr/lib/aarch64-poky-linux/gcc/aarch64-poky-linux/8.3.0]
    arg [-L/opt/poky/3.1.17/sysroots/aarch64-poky-linux/lib64] ==> dir [/opt/poky/3.1.17/sysroots/aarch64-poky-linux/lib64]
    arg [-L/opt/poky/3.1.17/sysroots/aarch64-poky-linux/usr/lib64/aarch64-poky-linux/8.3.0] ==> dir [/opt/poky/3.1.17/sysroots/aarch64-poky-linux/usr/lib64/aarch64-poky-linux/8.3.0]
    arg [-L/opt/poky/3.1.17/sysroots/aarch64-poky-linux/usr/lib64] ==> dir [/opt/poky/3.1.17/sysroots/aarch64-poky-linux/usr/lib64]
    arg [CMakeFiles/cmTC_267ab.dir/CMakeCXXCompilerABI.cpp.o] ==> ignore
    arg [-lstdc++] ==> lib [stdc++]
    arg [-lm] ==> lib [m]
    arg [-lgcc_s] ==> lib [gcc_s]
    arg [-lgcc] ==> lib [gcc]
    arg [-lc] ==> lib [c]
    arg [-lgcc_s] ==> lib [gcc_s]
    arg [-lgcc] ==> lib [gcc]
    arg [/opt/poky/3.1.17/sysroots/aarch64-poky-linux/usr/lib64/aarch64-poky-linux/8.3.0/crtendS.o] ==> ignore
    arg [/opt/poky/3.1.17/sysroots/aarch64-poky-linux/usr/lib64/crtn.o] ==> ignore
  collapse library dir [/opt/poky/3.1.17/sysroots/x86_64-pokysdk-linux/usr/lib/aarch64-poky-linux/gcc/aarch64-poky-linux/8.3.0] ==> [/opt/poky/3.1.17/sysroots/x86_64-pokysdk-linux/usr/lib/aarch64-poky-linux/gcc/aarch64-poky-linux/8.3.0]
  collapse library dir [/opt/poky/3.1.17/sysroots/aarch64-poky-linux/lib64] ==> [/opt/poky/3.1.17/sysroots/aarch64-poky-linux/lib64]
  collapse library dir [/opt/poky/3.1.17/sysroots/aarch64-poky-linux/usr/lib64/aarch64-poky-linux/8.3.0] ==> [/opt/poky/3.1.17/sysroots/aarch64-poky-linux/usr/lib64/aarch64-poky-linux/8.3.0]
  collapse library dir [/opt/poky/3.1.17/sysroots/aarch64-poky-linux/usr/lib64] ==> [/opt/poky/3.1.17/sysroots/aarch64-poky-linux/usr/lib64]
  implicit libs: [stdc++;m;gcc_s;gcc;c;gcc_s;gcc]
  implicit dirs: [/opt/poky/3.1.17/sysroots/x86_64-pokysdk-linux/usr/lib/aarch64-poky-linux/gcc/aarch64-poky-linux/8.3.0;/opt/poky/3.1.17/sysroots/aarch64-poky-linux/lib64;/opt/poky/3.1.17/sysroots/aarch64-poky-linux/usr/lib64/aarch64-poky-linux/8.3.0;/opt/poky/3.1.17/sysroots/aarch64-poky-linux/usr/lib64]
  implicit fwks: []


